<?xml version="1.0" encoding="utf-8"?><testsuites name="pytest tests"><testsuite name="pytest" errors="0" failures="0" skipped="0" tests="7" time="1.587" timestamp="2026-08-01T04:00:09.795928+00:00" hostname="agent-env-a9f070f3-1790-46b6-b046-1ac72256b931"><testcase classname="tests.test_featured_rotation_verification" name="test_default_returns_200_and_pool_gt_1" time="0.132" /><testcase classname="tests.test_featured_rotation_verification" name="test_response_has_all_expected_keys" time="0.204" /><testcase classname="tests.test_featured_rotation_verification" name="test_deterministic_same_day_same_pick" time="0.151" /><testcase classname="tests.test_featured_rotation_verification" name="test_window_days_14_preserves_legacy_narrow_behavior" time="0.143" /><testcase classname="tests.test_featured_rotation_verification" name="test_window_days_0_equivalent_to_default" time="0.149" /><testcase classname="tests.test_featured_rotation_verification" name="test_image_url_resolves" time="0.688" /><testcase classname="tests.test_featured_rotation_verification" name="test_endpoint_is_public_no_auth" time="0.070" /></testsuite></testsuites>