<?xml version="1.0" encoding="utf-8"?><testsuites name="pytest tests"><testsuite name="pytest" errors="0" failures="0" skipped="0" tests="6" time="3.349" timestamp="2026-08-05T13:24:48.836581+00:00" hostname="agent-env-a9f070f3-1790-46b6-b046-1ac72256b931"><testcase classname="tests.test_iter31_sha256_and_photoflyer_e2e.TestFeaturedRotation" name="test_default_call_returns_200_and_pool_gte_2" time="0.336" /><testcase classname="tests.test_iter31_sha256_and_photoflyer_e2e.TestFeaturedRotation" name="test_two_sequential_calls_same_day_return_same_asset" time="0.200" /><testcase classname="tests.test_iter31_sha256_and_photoflyer_e2e.TestFeaturedRotation" name="test_window_days_14_filters_recent" time="0.089" /><testcase classname="tests.test_iter31_sha256_and_photoflyer_e2e.TestFeaturedRotation" name="test_window_days_0_equals_default" time="0.157" /><testcase classname="tests.test_iter31_sha256_and_photoflyer_e2e.TestFeaturedRotation" name="test_image_url_serves_png_or_jpeg" time="0.515" /><testcase classname="tests.test_iter31_sha256_and_photoflyer_e2e.TestFeaturedRotation" name="test_daily_index_cross_process_determinism" time="1.975" /></testsuite></testsuites>