<?xml version="1.0" encoding="utf-8"?><testsuites name="pytest tests"><testsuite name="pytest" errors="0" failures="0" skipped="0" tests="5" time="63.281" timestamp="2026-08-05T13:25:36.111258+00:00" hostname="agent-env-a9f070f3-1790-46b6-b046-1ac72256b931"><testcase classname="tests.test_iter31_sha256_and_photoflyer_e2e.TestPhotoFlyerE2E" name="test_a_library_path_cajun_fb_post_with_logo" time="20.583" /><testcase classname="tests.test_iter31_sha256_and_photoflyer_e2e.TestPhotoFlyerE2E" name="test_b_fresh_upload_luxury_fb_post" time="16.143" /><testcase classname="tests.test_iter31_sha256_and_photoflyer_e2e.TestPhotoFlyerE2E" name="test_c_hidden_theme_burger_neon_diner_backward_compat" time="8.708" /><testcase classname="tests.test_iter31_sha256_and_photoflyer_e2e.TestPhotoFlyerE2E" name="test_d_instagram_square_1080" time="8.644" /><testcase classname="tests.test_iter31_sha256_and_photoflyer_e2e.TestPhotoFlyerE2E" name="test_d_instagram_story_1080x1920" time="9.126" /></testsuite></testsuites>