<?xml version="1.0" encoding="utf-8"?><testsuites name="pytest tests"><testsuite name="pytest" errors="0" failures="0" skipped="0" tests="7" time="1.356" timestamp="2026-08-07T10:48:09.032051+00:00" hostname="agent-env-a9f070f3-1790-46b6-b046-1ac72256b931"><testcase classname="tests.backend_test_iter33" name="test_public_endpoints_200[/api/content]" time="0.280" /><testcase classname="tests.backend_test_iter33" name="test_public_endpoints_200[/api/menu]" time="0.089" /><testcase classname="tests.backend_test_iter33" name="test_public_endpoints_200[/api/homepage/layout]" time="0.189" /><testcase classname="tests.backend_test_iter33" name="test_public_endpoints_200[/api/specials?active_only=true]" time="0.094" /><testcase classname="tests.backend_test_iter33" name="test_public_endpoints_200[/api/html-template/featured]" time="0.083" /><testcase classname="tests.backend_test_iter33" name="test_flyer_share_track_and_list" time="0.494" /><testcase classname="tests.backend_test_iter33" name="test_flyer_share_missing_item_key" time="0.075" /></testsuite></testsuites>