<?xml version="1.0" encoding="utf-8"?><testsuites name="pytest tests"><testsuite name="pytest" errors="0" failures="0" skipped="0" tests="8" time="10.718" timestamp="2026-08-02T06:24:09.327764+00:00" hostname="agent-env-a9f070f3-1790-46b6-b046-1ac72256b931"><testcase classname="tests.test_auth_photoflyer_preflight" name="test_login_success_returns_token" time="0.584" /><testcase classname="tests.test_auth_photoflyer_preflight" name="test_login_wrong_password_returns_401_not_429" time="0.372" /><testcase classname="tests.test_auth_photoflyer_preflight" name="test_auth_verify" time="0.075" /><testcase classname="tests.test_auth_photoflyer_preflight" name="test_ai_designer_themes" time="0.041" /><testcase classname="tests.test_auth_photoflyer_preflight" name="test_menu" time="0.038" /><testcase classname="tests.test_auth_photoflyer_preflight" name="test_media_assets_images" time="0.055" /><testcase classname="tests.test_auth_photoflyer_preflight" name="test_photo_flyer_analyze_existing" time="9.461" /><testcase classname="tests.test_auth_photoflyer_preflight" name="test_dashboard_route_reachable" time="0.040" /></testsuite></testsuites>