<?xml version="1.0" encoding="utf-8"?><testsuites name="pytest tests"><testsuite name="pytest" errors="0" failures="0" skipped="0" tests="19" time="80.461" timestamp="2026-06-10T05:30:46.111681+00:00" hostname="agent-env-efaf7797-c558-4d8b-87d9-5fb5131b19fc"><testcase classname="tests.test_phase10_persistence.TestUploadAndAccess" name="test_upload_returns_remote_storage_path" time="0.749" /><testcase classname="tests.test_phase10_persistence.TestUploadAndAccess" name="test_get_file_returns_same_bytes" time="0.309" /><testcase classname="tests.test_phase10_persistence.TestUploadAndAccess" name="test_thumb_returns_jpeg" time="1.238" /><testcase classname="tests.test_phase10_persistence.TestAiImagePersistence" name="test_ai_image_lifecycle_writes_to_object_storage" time="15.388" /><testcase classname="tests.test_phase10_persistence.TestEditPersistence" name="test_edit_writes_to_edits_subdir" time="0.936" /><testcase classname="tests.test_phase10_persistence.TestExportSocialPersistence" name="test_export_two_formats" time="1.555" /><testcase classname="tests.test_phase10_persistence.TestRenderPersistence" name="test_render_writes_mp4_to_renders" time="6.948" /><testcase classname="tests.test_phase10_persistence.TestDuplicate" name="test_duplicate_clones_bytes_and_path" time="0.917" /><testcase classname="tests.test_phase10_persistence.TestSoftDelete" name="test_delete_is_soft" time="0.945" /><testcase classname="tests.test_phase10_persistence.TestRestartSurvival" name="test_uploaded_file_survives_restart" time="7.796" /><testcase classname="tests.test_phase10_persistence.TestRestartSurvival" name="test_ai_image_file_survives_restart" time="23.678" /><testcase classname="tests.test_phase10_persistence.TestJanitor" name="test_pending_ai_job_marked_failed_after_restart" time="18.587" /><testcase classname="tests.test_phase10_persistence.TestHealth" name="test_health_storage_reachable" time="0.783" /><testcase classname="tests.test_phase10_persistence.TestRegression" name="test_endpoint_200[/api/menu-False]" time="0.085" /><testcase classname="tests.test_phase10_persistence.TestRegression" name="test_endpoint_200[/api/ai-ads/plugins-True]" time="0.107" /><testcase classname="tests.test_phase10_persistence.TestRegression" name="test_endpoint_200[/api/ai-ads/plugins/restaurant-True]" time="0.085" /><testcase classname="tests.test_phase10_persistence.TestRegression" name="test_endpoint_200[/api/specials-False]" time="0.085" /><testcase classname="tests.test_phase10_persistence.TestRegression" name="test_endpoint_200[/-False]" time="0.108" /><testcase classname="tests.test_phase10_persistence.TestLegacyFallback" name="test_missing_legacy_returns_404" time="0.101" /></testsuite></testsuites>