<?xml version="1.0" encoding="utf-8"?><testsuites name="pytest tests"><testsuite name="pytest" errors="0" failures="0" skipped="0" tests="51" time="28.057" timestamp="2026-06-09T04:24:07.170614+00:00" hostname="agent-env-efaf7797-c558-4d8b-87d9-5fb5131b19fc"><testcase classname="tests.test_final_launch" name="test_health" time="0.231" /><testcase classname="tests.test_final_launch" name="test_setup_guides[facebook]" time="0.003" /><testcase classname="tests.test_final_launch" name="test_setup_guides[instagram]" time="0.002" /><testcase classname="tests.test_final_launch" name="test_setup_guides[google_business]" time="0.002" /><testcase classname="tests.test_final_launch" name="test_setup_guides[mailchimp]" time="0.002" /><testcase classname="tests.test_final_launch" name="test_setup_guides[email]" time="0.002" /><testcase classname="tests.test_final_launch" name="test_setup_guides[sms]" time="0.002" /><testcase classname="tests.test_final_launch" name="test_setup_guide_unknown_404" time="0.002" /><testcase classname="tests.test_final_launch" name="test_test_connection_requires_saved_connection" time="0.004" /><testcase classname="tests.test_final_launch" name="test_test_connection_real_facebook_call" time="0.176" /><testcase classname="tests.test_final_launch" name="test_test_connection_records_last_test" time="0.184" /><testcase classname="tests.test_phase1_real_providers" name="test_publish_without_connection_fails_clearly[facebook]" time="0.236" /><testcase classname="tests.test_phase1_real_providers" name="test_publish_without_connection_fails_clearly[instagram]" time="0.008" /><testcase classname="tests.test_phase1_real_providers" name="test_publish_without_connection_fails_clearly[google_business]" time="0.008" /><testcase classname="tests.test_phase1_real_providers" name="test_publish_without_connection_fails_clearly[mailchimp]" time="0.015" /><testcase classname="tests.test_phase1_real_providers" name="test_publish_without_connection_fails_clearly[email]" time="0.008" /><testcase classname="tests.test_phase1_real_providers" name="test_publish_without_connection_fails_clearly[sms]" time="0.008" /><testcase classname="tests.test_phase1_real_providers" name="test_facebook_invalid_token_returns_real_error" time="0.159" /><testcase classname="tests.test_phase1_real_providers" name="test_instagram_requires_image_url" time="0.011" /><testcase classname="tests.test_phase1_real_providers" name="test_sendgrid_invalid_key_returns_real_error" time="0.224" /><testcase classname="tests.test_phase6_publishing" name="test_providers_catalog" time="0.229" /><testcase classname="tests.test_phase6_publishing" name="test_publish_stats" time="0.004" /><testcase classname="tests.test_phase6_publishing" name="test_schedule_cancel" time="0.008" /><testcase classname="tests.test_phase6_publishing" name="test_reschedule" time="0.009" /><testcase classname="tests.test_phase6_publishing" name="test_publish_now_simulated" time="0.006" /><testcase classname="tests.test_phase6_publishing" name="test_bundle_schedule" time="0.010" /><testcase classname="tests.test_phase6_publishing" name="test_calendar_endpoint" time="0.004" /><testcase classname="tests.test_phase6_publishing" name="test_queue_endpoint" time="0.014" /><testcase classname="tests.test_phase6_publishing" name="test_logs_endpoint" time="0.011" /><testcase classname="tests.test_phase6_publishing" name="test_provider_connect_disconnect" time="0.007" /><testcase classname="tests.test_phase6_publishing" name="test_automation_crud" time="0.008" /><testcase classname="tests.test_phase6_publishing" name="test_smart_recommendations" time="0.004" /><testcase classname="tests.test_phase6_publishing" name="test_scheduler_runs_due_post" time="0.018" /><testcase classname="tests.test_ai_ads_phase345.TestPhase3Plugins" name="test_list_plugins" time="0.631" /><testcase classname="tests.test_ai_ads_phase345.TestPhase3Plugins" name="test_get_restaurant_plugin" time="0.047" /><testcase classname="tests.test_ai_ads_phase345.TestPhase3Plugins" name="test_get_unknown_plugin" time="0.044" /><testcase classname="tests.test_ai_ads_phase345.TestPhase3Plugins" name="test_plugin_promote_single_action" time="23.685" /><testcase classname="tests.test_ai_ads_phase345.TestPhase3Plugins" name="test_plugin_promote_invalid_actions" time="0.047" /><testcase classname="tests.test_ai_ads_phase345.TestPhase4Bulk" name="test_bulk_favorite" time="0.708" /><testcase classname="tests.test_ai_ads_phase345.TestPhase4Bulk" name="test_bulk_archive" time="0.096" /><testcase classname="tests.test_ai_ads_phase345.TestPhase4Bulk" name="test_export_txt" time="0.081" /><testcase classname="tests.test_ai_ads_phase345.TestPhase4Bulk" name="test_export_csv" time="0.038" /><testcase classname="tests.test_ai_ads_phase345.TestPhase4Bulk" name="test_export_json" time="0.086" /><testcase classname="tests.test_ai_ads_phase345.TestPhase4Bulk" name="test_export_bad_format" time="0.041" /><testcase classname="tests.test_ai_ads_phase345.TestPhase4Bulk" name="test_export_empty_ids" time="0.046" /><testcase classname="tests.test_ai_ads_phase345.TestPhase4Bulk" name="test_status_scheduled_allowed" time="0.075" /><testcase classname="tests.test_ai_ads_phase345.TestPhase4Bulk" name="test_date_filters" time="0.126" /><testcase classname="tests.test_ai_ads_phase345.TestPhase4Bulk" name="test_bulk_delete" time="0.275" /><testcase classname="tests.test_ai_ads_phase345.TestPhase5Analytics" name="test_analytics_shape" time="0.042" /><testcase classname="tests.test_ai_ads_phase345.TestRegression" name="test_menu_public" time="0.042" /><testcase classname="tests.test_ai_ads_phase345.TestRegression" name="test_login_still_works" time="0.256" /></testsuite></testsuites>