<?xml version="1.0" encoding="utf-8"?><testsuites name="pytest tests"><testsuite name="pytest" errors="0" failures="0" skipped="0" tests="13" time="3.237" timestamp="2026-06-09T02:11:35.075596+00:00" hostname="agent-env-efaf7797-c558-4d8b-87d9-5fb5131b19fc"><testcase classname="backend.tests.test_phase6_publishing" name="test_providers_catalog" time="0.696" /><testcase classname="backend.tests.test_phase6_publishing" name="test_publish_stats" time="0.091" /><testcase classname="backend.tests.test_phase6_publishing" name="test_schedule_cancel" time="0.381" /><testcase classname="backend.tests.test_phase6_publishing" name="test_reschedule" time="0.276" /><testcase classname="backend.tests.test_phase6_publishing" name="test_publish_now_simulated" time="0.087" /><testcase classname="backend.tests.test_phase6_publishing" name="test_bundle_schedule" time="0.274" /><testcase classname="backend.tests.test_phase6_publishing" name="test_calendar_endpoint" time="0.098" /><testcase classname="backend.tests.test_phase6_publishing" name="test_queue_endpoint" time="0.096" /><testcase classname="backend.tests.test_phase6_publishing" name="test_logs_endpoint" time="0.111" /><testcase classname="backend.tests.test_phase6_publishing" name="test_provider_connect_disconnect" time="0.282" /><testcase classname="backend.tests.test_phase6_publishing" name="test_automation_crud" time="0.382" /><testcase classname="backend.tests.test_phase6_publishing" name="test_smart_recommendations" time="0.074" /><testcase classname="backend.tests.test_phase6_publishing" name="test_scheduler_runs_due_post" time="0.335" /></testsuite></testsuites>