<?xml version="1.0" encoding="utf-8"?><testsuites name="pytest tests"><testsuite name="pytest" errors="0" failures="0" skipped="0" tests="43" time="7.589" timestamp="2026-04-11T00:48:15.231973+00:00" hostname="agent-env-efaf7797-c558-4d8b-87d9-5fb5131b19fc"><testcase classname="backend.tests.test_api.TestHealthAndRoot" name="test_root_returns_hello_world" time="0.167" /><testcase classname="backend.tests.test_api.TestAuthentication" name="test_login_with_correct_password" time="0.101" /><testcase classname="backend.tests.test_api.TestAuthentication" name="test_login_with_wrong_password" time="0.077" /><testcase classname="backend.tests.test_api.TestAuthentication" name="test_verify_with_valid_token" time="0.192" /><testcase classname="backend.tests.test_api.TestAuthentication" name="test_verify_without_token" time="0.075" /><testcase classname="backend.tests.test_api.TestAnalytics" name="test_analytics_requires_auth" time="0.091" /><testcase classname="backend.tests.test_api.TestAnalytics" name="test_analytics_returns_complete_data" time="0.176" /><testcase classname="backend.tests.test_api.TestTracking" name="test_track_pageview" time="0.082" /><testcase classname="backend.tests.test_api.TestTracking" name="test_track_button_click" time="0.083" /><testcase classname="backend.tests.test_api.TestSpecials" name="test_get_specials_public" time="0.083" /><testcase classname="backend.tests.test_api.TestSpecials" name="test_create_and_delete_special" time="0.449" /><testcase classname="backend.tests.test_api.TestSpecials" name="test_create_special_requires_auth" time="0.074" /><testcase classname="backend.tests.test_api.TestSpecials" name="test_update_special" time="0.379" /><testcase classname="backend.tests.test_api.TestNewsletter" name="test_subscribe_with_valid_email" time="0.079" /><testcase classname="backend.tests.test_api.TestNewsletter" name="test_subscribe_duplicate_email" time="0.170" /><testcase classname="backend.tests.test_api.TestNewsletter" name="test_subscribe_invalid_email" time="0.084" /><testcase classname="backend.tests.test_api.TestNewsletter" name="test_subscribe_empty_email" time="0.082" /><testcase classname="backend.tests.test_api.TestNewsletter" name="test_get_subscribers_requires_auth" time="0.075" /><testcase classname="backend.tests.test_api.TestNewsletter" name="test_get_subscribers_with_auth" time="0.171" /><testcase classname="backend.tests.test_api.TestCateringInquiries" name="test_submit_catering_inquiry_valid" time="0.085" /><testcase classname="backend.tests.test_api.TestCateringInquiries" name="test_submit_catering_inquiry_missing_name" time="0.071" /><testcase classname="backend.tests.test_api.TestCateringInquiries" name="test_submit_catering_inquiry_missing_email" time="0.080" /><testcase classname="backend.tests.test_api.TestCateringInquiries" name="test_submit_catering_inquiry_missing_message" time="0.093" /><testcase classname="backend.tests.test_api.TestCateringInquiries" name="test_get_catering_inquiries_requires_auth" time="0.084" /><testcase classname="backend.tests.test_api.TestCateringInquiries" name="test_get_catering_inquiries_with_auth" time="0.152" /><testcase classname="backend.tests.test_api.TestCateringInquiries" name="test_update_catering_status_valid" time="0.319" /><testcase classname="backend.tests.test_api.TestCateringInquiries" name="test_update_catering_status_invalid" time="0.253" /><testcase classname="backend.tests.test_api.TestCateringInquiries" name="test_update_catering_status_requires_auth" time="0.088" /><testcase classname="backend.tests.test_api.TestCateringInquiries" name="test_update_catering_status_not_found" time="0.154" /><testcase classname="backend.tests.test_api.TestSEOFiles" name="test_robots_txt_accessible" time="0.084" /><testcase classname="backend.tests.test_api.TestSEOFiles" name="test_sitemap_xml_accessible" time="0.074" /><testcase classname="backend.tests.test_api.TestCMSContent" name="test_get_content_returns_site_content" time="0.085" /><testcase classname="backend.tests.test_api.TestCMSContent" name="test_update_hero_with_auth" time="0.421" /><testcase classname="backend.tests.test_api.TestCMSContent" name="test_update_hero_requires_auth" time="0.089" /><testcase classname="backend.tests.test_api.TestCMSContent" name="test_update_about_with_auth" time="0.363" /><testcase classname="backend.tests.test_api.TestCMSContent" name="test_update_contact_with_auth" time="0.326" /><testcase classname="backend.tests.test_api.TestCMSContent" name="test_update_invalid_section" time="0.309" /><testcase classname="backend.tests.test_api.TestCMSMenu" name="test_get_menu_returns_categories" time="0.078" /><testcase classname="backend.tests.test_api.TestCMSMenu" name="test_update_menu_category_with_auth" time="0.536" /><testcase classname="backend.tests.test_api.TestCMSMenu" name="test_update_menu_category_items" time="0.314" /><testcase classname="backend.tests.test_api.TestCMSMenu" name="test_update_menu_category_requires_auth" time="0.171" /><testcase classname="backend.tests.test_api.TestCMSMenu" name="test_update_menu_category_not_found" time="0.179" /><testcase classname="backend.tests.test_api.TestCMSMenu" name="test_update_menu_category_no_valid_fields" time="0.259" /></testsuite></testsuites>