<?xml version="1.0" encoding="utf-8"?><testsuites name="pytest tests"><testsuite name="pytest" errors="0" failures="0" skipped="0" tests="31" time="20.330" timestamp="2026-04-10T23:05:47.743819+00:00" hostname="agent-env-efaf7797-c558-4d8b-87d9-5fb5131b19fc"><testcase classname="backend.tests.test_api.TestHealthAndRoot" name="test_root_returns_hello_world" time="0.610" /><testcase classname="backend.tests.test_api.TestAuthentication" name="test_login_with_correct_password" time="0.534" /><testcase classname="backend.tests.test_api.TestAuthentication" name="test_login_with_wrong_password" time="0.419" /><testcase classname="backend.tests.test_api.TestAuthentication" name="test_verify_with_valid_token" time="0.835" /><testcase classname="backend.tests.test_api.TestAuthentication" name="test_verify_without_token" time="0.401" /><testcase classname="backend.tests.test_api.TestAnalytics" name="test_analytics_requires_auth" time="0.398" /><testcase classname="backend.tests.test_api.TestAnalytics" name="test_analytics_returns_complete_data" time="0.827" /><testcase classname="backend.tests.test_api.TestTracking" name="test_track_pageview" time="0.398" /><testcase classname="backend.tests.test_api.TestTracking" name="test_track_button_click" time="0.421" /><testcase classname="backend.tests.test_api.TestSpecials" name="test_get_specials_public" time="0.442" /><testcase classname="backend.tests.test_api.TestSpecials" name="test_create_and_delete_special" time="2.096" /><testcase classname="backend.tests.test_api.TestSpecials" name="test_create_special_requires_auth" time="0.406" /><testcase classname="backend.tests.test_api.TestSpecials" name="test_update_special" time="1.609" /><testcase classname="backend.tests.test_api.TestNewsletter" name="test_subscribe_with_valid_email" time="0.429" /><testcase classname="backend.tests.test_api.TestNewsletter" name="test_subscribe_duplicate_email" time="0.810" /><testcase classname="backend.tests.test_api.TestNewsletter" name="test_subscribe_invalid_email" time="0.419" /><testcase classname="backend.tests.test_api.TestNewsletter" name="test_subscribe_empty_email" time="0.386" /><testcase classname="backend.tests.test_api.TestNewsletter" name="test_get_subscribers_requires_auth" time="0.403" /><testcase classname="backend.tests.test_api.TestNewsletter" name="test_get_subscribers_with_auth" time="0.805" /><testcase classname="backend.tests.test_api.TestCateringInquiries" name="test_submit_catering_inquiry_valid" time="0.389" /><testcase classname="backend.tests.test_api.TestCateringInquiries" name="test_submit_catering_inquiry_missing_name" time="0.409" /><testcase classname="backend.tests.test_api.TestCateringInquiries" name="test_submit_catering_inquiry_missing_email" time="0.415" /><testcase classname="backend.tests.test_api.TestCateringInquiries" name="test_submit_catering_inquiry_missing_message" time="0.385" /><testcase classname="backend.tests.test_api.TestCateringInquiries" name="test_get_catering_inquiries_requires_auth" time="0.398" /><testcase classname="backend.tests.test_api.TestCateringInquiries" name="test_get_catering_inquiries_with_auth" time="0.826" /><testcase classname="backend.tests.test_api.TestCateringInquiries" name="test_update_catering_status_valid" time="1.615" /><testcase classname="backend.tests.test_api.TestCateringInquiries" name="test_update_catering_status_invalid" time="1.195" /><testcase classname="backend.tests.test_api.TestCateringInquiries" name="test_update_catering_status_requires_auth" time="0.409" /><testcase classname="backend.tests.test_api.TestCateringInquiries" name="test_update_catering_status_not_found" time="0.826" /><testcase classname="backend.tests.test_api.TestSEOFiles" name="test_robots_txt_accessible" time="0.411" /><testcase classname="backend.tests.test_api.TestSEOFiles" name="test_sitemap_xml_accessible" time="0.299" /></testsuite></testsuites>