<?xml version="1.0" encoding="utf-8"?><testsuites name="pytest tests"><testsuite name="pytest" errors="0" failures="0" skipped="0" tests="79" time="21.195" timestamp="2026-04-21T22:13:42.118597+00:00" hostname="agent-env-efaf7797-c558-4d8b-87d9-5fb5131b19fc"><testcase classname="backend.tests.test_api.TestHealthAndRoot" name="test_root_returns_hello_world" time="0.267" /><testcase classname="backend.tests.test_api.TestAuthentication" name="test_login_with_correct_password" time="0.141" /><testcase classname="backend.tests.test_api.TestAuthentication" name="test_login_with_wrong_password" time="0.204" /><testcase classname="backend.tests.test_api.TestAuthentication" name="test_verify_with_valid_token" time="0.196" /><testcase classname="backend.tests.test_api.TestAuthentication" name="test_verify_without_token" time="0.088" /><testcase classname="backend.tests.test_api.TestAnalytics" name="test_analytics_requires_auth" time="0.088" /><testcase classname="backend.tests.test_api.TestAnalytics" name="test_analytics_returns_complete_data" time="0.183" /><testcase classname="backend.tests.test_api.TestTracking" name="test_track_pageview" time="0.102" /><testcase classname="backend.tests.test_api.TestTracking" name="test_track_button_click" time="0.093" /><testcase classname="backend.tests.test_api.TestSpecials" name="test_get_specials_public" time="0.102" /><testcase classname="backend.tests.test_api.TestSpecials" name="test_create_and_delete_special" time="0.474" /><testcase classname="backend.tests.test_api.TestSpecials" name="test_create_special_requires_auth" time="0.087" /><testcase classname="backend.tests.test_api.TestSpecials" name="test_update_special" time="0.371" /><testcase classname="backend.tests.test_api.TestNewsletter" name="test_subscribe_with_valid_email" time="0.105" /><testcase classname="backend.tests.test_api.TestNewsletter" name="test_subscribe_duplicate_email" time="0.196" /><testcase classname="backend.tests.test_api.TestNewsletter" name="test_subscribe_invalid_email" time="0.084" /><testcase classname="backend.tests.test_api.TestNewsletter" name="test_subscribe_empty_email" time="0.094" /><testcase classname="backend.tests.test_api.TestNewsletter" name="test_get_subscribers_requires_auth" time="0.091" /><testcase classname="backend.tests.test_api.TestNewsletter" name="test_get_subscribers_with_auth" time="0.170" /><testcase classname="backend.tests.test_api.TestCateringInquiries" name="test_submit_catering_inquiry_valid" time="0.083" /><testcase classname="backend.tests.test_api.TestCateringInquiries" name="test_submit_catering_inquiry_missing_name" time="0.078" /><testcase classname="backend.tests.test_api.TestCateringInquiries" name="test_submit_catering_inquiry_missing_email" time="0.132" /><testcase classname="backend.tests.test_api.TestCateringInquiries" name="test_submit_catering_inquiry_missing_message" time="0.086" /><testcase classname="backend.tests.test_api.TestCateringInquiries" name="test_get_catering_inquiries_requires_auth" time="0.086" /><testcase classname="backend.tests.test_api.TestCateringInquiries" name="test_get_catering_inquiries_with_auth" time="0.157" /><testcase classname="backend.tests.test_api.TestCateringInquiries" name="test_update_catering_status_valid" time="0.341" /><testcase classname="backend.tests.test_api.TestCateringInquiries" name="test_update_catering_status_invalid" time="0.279" /><testcase classname="backend.tests.test_api.TestCateringInquiries" name="test_update_catering_status_requires_auth" time="0.121" /><testcase classname="backend.tests.test_api.TestCateringInquiries" name="test_update_catering_status_not_found" time="0.165" /><testcase classname="backend.tests.test_api.TestSEOFiles" name="test_robots_txt_accessible" time="0.096" /><testcase classname="backend.tests.test_api.TestSEOFiles" name="test_sitemap_xml_accessible" time="0.087" /><testcase classname="backend.tests.test_api.TestCMSContent" name="test_get_content_returns_site_content" time="0.082" /><testcase classname="backend.tests.test_api.TestCMSContent" name="test_update_hero_with_auth" time="0.457" /><testcase classname="backend.tests.test_api.TestCMSContent" name="test_update_hero_requires_auth" time="0.084" /><testcase classname="backend.tests.test_api.TestCMSContent" name="test_update_about_with_auth" time="0.346" /><testcase classname="backend.tests.test_api.TestCMSContent" name="test_update_contact_with_auth" time="0.332" /><testcase classname="backend.tests.test_api.TestCMSContent" name="test_update_invalid_section" time="0.167" /><testcase classname="backend.tests.test_api.TestCMSMenu" name="test_get_menu_returns_categories" time="0.097" /><testcase classname="backend.tests.test_api.TestCMSMenu" name="test_update_menu_category_with_auth" time="0.440" /><testcase classname="backend.tests.test_api.TestCMSMenu" name="test_update_menu_category_items" time="0.343" /><testcase classname="backend.tests.test_api.TestCMSMenu" name="test_update_menu_category_requires_auth" time="0.164" /><testcase classname="backend.tests.test_api.TestCMSMenu" name="test_update_menu_category_not_found" time="0.157" /><testcase classname="backend.tests.test_api.TestCMSMenu" name="test_update_menu_category_no_valid_fields" time="0.281" /><testcase classname="backend.tests.test_api.TestGiveawaySettings" name="test_get_giveaway_settings_returns_settings" time="0.087" /><testcase classname="backend.tests.test_api.TestGiveawaySettings" name="test_update_giveaway_toggle_is_active" time="0.428" /><testcase classname="backend.tests.test_api.TestGiveawaySettings" name="test_update_giveaway_title_subtitle_dates" time="0.376" /><testcase classname="backend.tests.test_api.TestGiveawaySettings" name="test_update_giveaway_prizes" time="0.340" /><testcase classname="backend.tests.test_api.TestGiveawaySettings" name="test_update_giveaway_requires_auth" time="0.068" /><testcase classname="backend.tests.test_api.TestGiveawaySpin" name="test_spin_returns_400_when_inactive" time="0.252" /><testcase classname="backend.tests.test_api.TestGiveawaySpin" name="test_spin_returns_prize_when_active" time="0.346" /><testcase classname="backend.tests.test_api.TestGiveawaySpin" name="test_spin_same_email_returns_already_entered" time="0.440" /><testcase classname="backend.tests.test_api.TestGiveawaySpin" name="test_spin_invalid_email_returns_400" time="0.307" /><testcase classname="backend.tests.test_api.TestGiveawayEntries" name="test_get_entries_requires_auth" time="0.065" /><testcase classname="backend.tests.test_api.TestGiveawayEntries" name="test_get_entries_with_auth" time="0.177" /><testcase classname="backend.tests.test_api.TestGiveawayEntries" name="test_mark_entry_claimed" time="4.689" /><testcase classname="backend.tests.test_api.TestGiveawayEntries" name="test_mark_entry_claimed_requires_auth" time="0.101" /><testcase classname="backend.tests.test_api.TestGiveawayEntries" name="test_mark_entry_claimed_not_found" time="0.250" /><testcase classname="backend.tests.test_api.TestGiveawayWinners" name="test_get_winners_public" time="0.083" /><testcase classname="backend.tests.test_api.TestLoyaltyJoin" name="test_join_loyalty_with_name_and_phone" time="0.074" /><testcase classname="backend.tests.test_api.TestLoyaltyJoin" name="test_join_loyalty_same_phone_returns_already_member" time="0.171" /><testcase classname="backend.tests.test_api.TestLoyaltyJoin" name="test_join_loyalty_missing_name" time="0.084" /><testcase classname="backend.tests.test_api.TestLoyaltyJoin" name="test_join_loyalty_missing_phone" time="0.087" /><testcase classname="backend.tests.test_api.TestLoyaltyLookup" name="test_lookup_existing_member" time="0.136" /><testcase classname="backend.tests.test_api.TestLoyaltyLookup" name="test_lookup_non_existing_member" time="0.078" /><testcase classname="backend.tests.test_api.TestLoyaltyMembers" name="test_get_members_requires_auth" time="0.073" /><testcase classname="backend.tests.test_api.TestLoyaltyMembers" name="test_get_members_with_auth" time="0.158" /><testcase classname="backend.tests.test_api.TestLoyaltyStamp" name="test_stamp_increments_visit_count" time="0.331" /><testcase classname="backend.tests.test_api.TestLoyaltyStamp" name="test_stamp_at_10_visits_sets_reward_earned" time="1.201" /><testcase classname="backend.tests.test_api.TestLoyaltyStamp" name="test_stamp_requires_auth" time="0.078" /><testcase classname="backend.tests.test_api.TestLoyaltyStamp" name="test_stamp_not_found" time="0.166" /><testcase classname="backend.tests.test_api.TestLoyaltyClaim" name="test_claim_resets_visits_and_marks_claimed" time="1.315" /><testcase classname="backend.tests.test_api.TestLoyaltyClaim" name="test_claim_without_reward_earned_returns_400" time="0.332" /><testcase classname="backend.tests.test_api.TestLoyaltyClaim" name="test_claim_requires_auth" time="0.086" /><testcase classname="backend.tests.test_api.TestMessagingSend" name="test_send_message_stores_blast_record" time="0.210" /><testcase classname="backend.tests.test_api.TestMessagingSend" name="test_send_message_sms_channel" time="0.200" /><testcase classname="backend.tests.test_api.TestMessagingSend" name="test_send_message_both_channels" time="0.175" /><testcase classname="backend.tests.test_api.TestMessagingSend" name="test_send_message_requires_auth" time="0.080" /><testcase classname="backend.tests.test_api.TestMessagingHistory" name="test_get_history_requires_auth" time="0.087" /><testcase classname="backend.tests.test_api.TestMessagingHistory" name="test_get_history_with_auth" time="0.182" /></testsuite></testsuites>