<?xml version="1.0" encoding="utf-8"?><testsuites name="pytest tests"><testsuite name="pytest" errors="0" failures="0" skipped="0" tests="14" time="2.344" timestamp="2026-06-26T01:31:35.765292+00:00" hostname="agent-env-ef37b546-26fa-4ba8-a5e1-9bfda9f0d955"><testcase classname="tests.test_design_memory" name="test_design_memory_get_unauth" time="0.279" /><testcase classname="tests.test_design_memory" name="test_design_memory_put_unauth" time="0.074" /><testcase classname="tests.test_design_memory" name="test_creative_director_unauth" time="0.089" /><testcase classname="tests.test_design_memory" name="test_design_memory_404_unknown" time="0.393" /><testcase classname="tests.test_design_memory" name="test_design_memory_put_get_delete_roundtrip" time="0.491" /><testcase classname="tests.test_design_memory" name="test_design_memory_invalid_key" time="0.091" /><testcase classname="tests.test_design_memory" name="test_design_memory_empty_payload" time="0.073" /><testcase classname="tests.test_design_memory" name="test_recommend_always_three" time="0.091" /><testcase classname="tests.test_design_memory" name="test_recommend_payload_shape" time="0.075" /><testcase classname="tests.test_design_memory" name="test_recommend_category_burger" time="0.094" /><testcase classname="tests.test_design_memory" name="test_recommend_category_seafood" time="0.080" /><testcase classname="tests.test_design_memory" name="test_recommend_category_sports_wings" time="0.084" /><testcase classname="tests.test_design_memory" name="test_recommend_memory_bias_elevates_saved_theme" time="0.297" /><testcase classname="tests.test_design_memory" name="test_recommend_general_fallback" time="0.085" /></testsuite></testsuites>