<?xml version="1.0" encoding="utf-8"?><testsuites name="pytest tests"><testsuite name="pytest" errors="0" failures="0" skipped="0" tests="11" time="2.566" timestamp="2026-06-09T04:25:57.071005+00:00" hostname="agent-env-efaf7797-c558-4d8b-87d9-5fb5131b19fc"><testcase classname="tests.test_iter15_maintenance" name="test_hot_endpoint_latency[/api/ai-ads/health]" time="0.463" /><testcase classname="tests.test_iter15_maintenance" name="test_hot_endpoint_latency[/api/ai-ads/assets?limit=20]" time="0.132" /><testcase classname="tests.test_iter15_maintenance" name="test_hot_endpoint_latency[/api/ai-ads/calendar]" time="0.106" /><testcase classname="tests.test_iter15_maintenance" name="test_hot_endpoint_latency[/api/ai-ads/publish-queue]" time="0.099" /><testcase classname="tests.test_iter15_maintenance" name="test_hot_endpoint_latency[/api/ai-ads/analytics]" time="0.101" /><testcase classname="tests.test_iter15_maintenance" name="test_health_ok" time="0.114" /><testcase classname="tests.test_iter15_maintenance" name="test_restaurant_plugin_fast" time="0.083" /><testcase classname="tests.test_iter15_maintenance" name="test_test_all_with_no_connections" time="0.176" /><testcase classname="tests.test_iter15_maintenance" name="test_test_all_with_one_connection_parallel" time="0.621" /><testcase classname="tests.test_iter15_maintenance" name="test_login_endpoint_exempt_from_401_interceptor_response_shape" time="0.319" /><testcase classname="tests.test_iter15_maintenance" name="test_login_401_on_bad_password" time="0.292" /></testsuite></testsuites>