<?xml version="1.0" encoding="utf-8"?><testsuites name="pytest tests"><testsuite name="pytest" errors="0" failures="0" skipped="0" tests="9" time="29.157" timestamp="2026-06-10T00:11:46.017982+00:00" hostname="agent-env-efaf7797-c558-4d8b-87d9-5fb5131b19fc"><testcase classname="backend.tests.test_ai_image_async.TestAuth" name="test_post_ai_image_requires_auth" time="0.122" /><testcase classname="backend.tests.test_ai_image_async.TestAuth" name="test_get_job_requires_auth" time="0.213" /><testcase classname="backend.tests.test_ai_image_async.TestEnqueue" name="test_enqueue_returns_202_fast" time="0.403" /><testcase classname="backend.tests.test_ai_image_async.TestEnqueue" name="test_get_nonexistent_job_returns_404" time="12.317" /><testcase classname="backend.tests.test_ai_image_async.TestLifecycle" name="test_full_job_lifecycle_to_completion" time="15.654" /><testcase classname="backend.tests.test_ai_image_async.TestRegression" name="test_media_health" time="0.104" /><testcase classname="backend.tests.test_ai_image_async.TestRegression" name="test_ai_ads_plugins_list" time="0.117" /><testcase classname="backend.tests.test_ai_image_async.TestRegression" name="test_ai_ads_plugin_restaurant" time="0.078" /><testcase classname="backend.tests.test_ai_image_async.TestRegression" name="test_menu_endpoint" time="0.085" /></testsuite></testsuites>