<?xml version="1.0" encoding="utf-8"?><testsuites name="pytest tests"><testsuite name="pytest" errors="0" failures="0" skipped="0" tests="13" time="9.741" timestamp="2026-04-10T22:44:20.890750+00:00" hostname="agent-env-efaf7797-c558-4d8b-87d9-5fb5131b19fc"><testcase classname="backend.tests.test_api.TestHealthAndRoot" name="test_root_returns_hello_world" time="0.589" /><testcase classname="backend.tests.test_api.TestAuthentication" name="test_login_with_correct_password" time="0.416" /><testcase classname="backend.tests.test_api.TestAuthentication" name="test_login_with_wrong_password" time="0.415" /><testcase classname="backend.tests.test_api.TestAuthentication" name="test_verify_with_valid_token" time="0.824" /><testcase classname="backend.tests.test_api.TestAuthentication" name="test_verify_without_token" time="0.550" /><testcase classname="backend.tests.test_api.TestAnalytics" name="test_analytics_requires_auth" time="0.398" /><testcase classname="backend.tests.test_api.TestAnalytics" name="test_analytics_returns_complete_data" time="0.829" /><testcase classname="backend.tests.test_api.TestTracking" name="test_track_pageview" time="0.430" /><testcase classname="backend.tests.test_api.TestTracking" name="test_track_button_click" time="0.445" /><testcase classname="backend.tests.test_api.TestSpecials" name="test_get_specials_public" time="0.413" /><testcase classname="backend.tests.test_api.TestSpecials" name="test_create_and_delete_special" time="2.189" /><testcase classname="backend.tests.test_api.TestSpecials" name="test_create_special_requires_auth" time="0.406" /><testcase classname="backend.tests.test_api.TestSpecials" name="test_update_special" time="1.663" /></testsuite></testsuites>