<?xml version="1.0" encoding="utf-8"?><testsuites name="pytest tests"><testsuite name="pytest" errors="0" failures="1" skipped="0" tests="44" time="11.282" timestamp="2026-04-21T22:15:36.000327+00:00" hostname="agent-env-efaf7797-c558-4d8b-87d9-5fb5131b19fc"><testcase classname="backend.tests.test_cleanup_p0_p1.TestRemovedStatusEndpoints" name="test_get_status_returns_404" time="0.147" /><testcase classname="backend.tests.test_cleanup_p0_p1.TestRemovedStatusEndpoints" name="test_post_status_returns_404" time="0.100" /><testcase classname="backend.tests.test_cleanup_p0_p1.TestAdminPasswordFromEnv" name="test_login_with_env_password_succeeds" time="0.087" /><testcase classname="backend.tests.test_cleanup_p0_p1.TestAdminPasswordFromEnv" name="test_login_with_old_default_password_fails" time="0.377" /><testcase classname="backend.tests.test_cleanup_p0_p1.TestLogout" name="test_logout_invalidates_token" time="0.351"><failure message="AssertionError: Token still valid after logout: 200&#10;assert 200 == 401&#10; +  where 200 = &lt;Response [200]&gt;.status_code">backend/tests/test_cleanup_p0_p1.py:56: in test_logout_invalidates_token
    assert v2.status_code == 401, f"Token still valid after logout: {v2.status_code}"
E   AssertionError: Token still valid after logout: 200
E   assert 200 == 401
E    +  where 200 = &lt;Response [200]&gt;.status_code</failure></testcase><testcase classname="backend.tests.test_cleanup_p0_p1.TestSessionPersistence" name="test_token_survives_backend_restart" time="4.536" /><testcase classname="backend.tests.test_cleanup_p0_p1.TestProtectedEndpointsRequireAuth" name="test_no_token_blocked[GET-/api/analytics]" time="0.084" /><testcase classname="backend.tests.test_cleanup_p0_p1.TestProtectedEndpointsRequireAuth" name="test_no_token_blocked[POST-/api/specials]" time="0.098" /><testcase classname="backend.tests.test_cleanup_p0_p1.TestProtectedEndpointsRequireAuth" name="test_no_token_blocked[PUT-/api/specials/dummy-id]" time="0.081" /><testcase classname="backend.tests.test_cleanup_p0_p1.TestProtectedEndpointsRequireAuth" name="test_no_token_blocked[DELETE-/api/specials/dummy-id]" time="0.106" /><testcase classname="backend.tests.test_cleanup_p0_p1.TestProtectedEndpointsRequireAuth" name="test_no_token_blocked[PUT-/api/content/hero]" time="0.070" /><testcase classname="backend.tests.test_cleanup_p0_p1.TestProtectedEndpointsRequireAuth" name="test_no_token_blocked[PUT-/api/menu/categories/dummy]" time="0.081" /><testcase classname="backend.tests.test_cleanup_p0_p1.TestProtectedEndpointsRequireAuth" name="test_no_token_blocked[GET-/api/catering/inquiries]" time="0.094" /><testcase classname="backend.tests.test_cleanup_p0_p1.TestProtectedEndpointsRequireAuth" name="test_no_token_blocked[PUT-/api/catering/inquiries/dummy/status]" time="0.104" /><testcase classname="backend.tests.test_cleanup_p0_p1.TestProtectedEndpointsRequireAuth" name="test_no_token_blocked[GET-/api/newsletter/subscribers]" time="0.077" /><testcase classname="backend.tests.test_cleanup_p0_p1.TestProtectedEndpointsRequireAuth" name="test_no_token_blocked[PUT-/api/giveaway/settings]" time="0.092" /><testcase classname="backend.tests.test_cleanup_p0_p1.TestProtectedEndpointsRequireAuth" name="test_no_token_blocked[GET-/api/giveaway/entries]" time="0.073" /><testcase classname="backend.tests.test_cleanup_p0_p1.TestProtectedEndpointsRequireAuth" name="test_no_token_blocked[PUT-/api/giveaway/entries/dummy/claim]" time="0.090" /><testcase classname="backend.tests.test_cleanup_p0_p1.TestProtectedEndpointsRequireAuth" name="test_no_token_blocked[GET-/api/loyalty/members]" time="0.096" /><testcase classname="backend.tests.test_cleanup_p0_p1.TestProtectedEndpointsRequireAuth" name="test_no_token_blocked[PUT-/api/loyalty/members/dummy/stamp]" time="0.084" /><testcase classname="backend.tests.test_cleanup_p0_p1.TestProtectedEndpointsRequireAuth" name="test_no_token_blocked[PUT-/api/loyalty/members/dummy/claim]" time="0.079" /><testcase classname="backend.tests.test_cleanup_p0_p1.TestProtectedEndpointsRequireAuth" name="test_no_token_blocked[POST-/api/messages/send]" time="0.088" /><testcase classname="backend.tests.test_cleanup_p0_p1.TestProtectedEndpointsRequireAuth" name="test_no_token_blocked[GET-/api/messages/history]" time="0.082" /><testcase classname="backend.tests.test_cleanup_p0_p1.TestProtectedEndpointsRequireAuth" name="test_no_token_blocked[POST-/api/auth/logout]" time="0.074" /><testcase classname="backend.tests.test_cleanup_p0_p1.TestProtectedEndpointsRequireAuth" name="test_no_token_blocked[GET-/api/auth/verify]" time="0.087" /><testcase classname="backend.tests.test_cleanup_p0_p1.TestProtectedEndpointsRequireAuth" name="test_invalid_token_blocked[GET-/api/analytics]" time="0.077" /><testcase classname="backend.tests.test_cleanup_p0_p1.TestProtectedEndpointsRequireAuth" name="test_invalid_token_blocked[POST-/api/specials]" time="0.082" /><testcase classname="backend.tests.test_cleanup_p0_p1.TestProtectedEndpointsRequireAuth" name="test_invalid_token_blocked[PUT-/api/specials/dummy-id]" time="0.075" /><testcase classname="backend.tests.test_cleanup_p0_p1.TestProtectedEndpointsRequireAuth" name="test_invalid_token_blocked[DELETE-/api/specials/dummy-id]" time="0.083" /><testcase classname="backend.tests.test_cleanup_p0_p1.TestProtectedEndpointsRequireAuth" name="test_invalid_token_blocked[PUT-/api/content/hero]" time="0.083" /><testcase classname="backend.tests.test_cleanup_p0_p1.TestProtectedEndpointsRequireAuth" name="test_invalid_token_blocked[PUT-/api/menu/categories/dummy]" time="0.120" /><testcase classname="backend.tests.test_cleanup_p0_p1.TestProtectedEndpointsRequireAuth" name="test_invalid_token_blocked[GET-/api/catering/inquiries]" time="0.084" /><testcase classname="backend.tests.test_cleanup_p0_p1.TestProtectedEndpointsRequireAuth" name="test_invalid_token_blocked[PUT-/api/catering/inquiries/dummy/status]" time="0.087" /><testcase classname="backend.tests.test_cleanup_p0_p1.TestProtectedEndpointsRequireAuth" name="test_invalid_token_blocked[GET-/api/newsletter/subscribers]" time="0.078" /><testcase classname="backend.tests.test_cleanup_p0_p1.TestProtectedEndpointsRequireAuth" name="test_invalid_token_blocked[PUT-/api/giveaway/settings]" time="0.090" /><testcase classname="backend.tests.test_cleanup_p0_p1.TestProtectedEndpointsRequireAuth" name="test_invalid_token_blocked[GET-/api/giveaway/entries]" time="0.086" /><testcase classname="backend.tests.test_cleanup_p0_p1.TestProtectedEndpointsRequireAuth" name="test_invalid_token_blocked[PUT-/api/giveaway/entries/dummy/claim]" time="0.089" /><testcase classname="backend.tests.test_cleanup_p0_p1.TestProtectedEndpointsRequireAuth" name="test_invalid_token_blocked[GET-/api/loyalty/members]" time="2.238" /><testcase classname="backend.tests.test_cleanup_p0_p1.TestProtectedEndpointsRequireAuth" name="test_invalid_token_blocked[PUT-/api/loyalty/members/dummy/stamp]" time="0.217" /><testcase classname="backend.tests.test_cleanup_p0_p1.TestProtectedEndpointsRequireAuth" name="test_invalid_token_blocked[PUT-/api/loyalty/members/dummy/claim]" time="0.098" /><testcase classname="backend.tests.test_cleanup_p0_p1.TestProtectedEndpointsRequireAuth" name="test_invalid_token_blocked[POST-/api/messages/send]" time="0.088" /><testcase classname="backend.tests.test_cleanup_p0_p1.TestProtectedEndpointsRequireAuth" name="test_invalid_token_blocked[GET-/api/messages/history]" time="0.100" /><testcase classname="backend.tests.test_cleanup_p0_p1.TestProtectedEndpointsRequireAuth" name="test_invalid_token_blocked[POST-/api/auth/logout]" time="0.093" /><testcase classname="backend.tests.test_cleanup_p0_p1.TestProtectedEndpointsRequireAuth" name="test_invalid_token_blocked[GET-/api/auth/verify]" time="0.087" /></testsuite></testsuites>