<?xml version="1.0" encoding="utf-8"?><testsuites name="pytest tests"><testsuite name="pytest" errors="0" failures="1" skipped="0" tests="11" time="11.771" timestamp="2026-06-09T05:56:31.923908+00:00" hostname="agent-env-efaf7797-c558-4d8b-87d9-5fb5131b19fc"><testcase classname="backend.tests.test_phase8_media_studio.TestUpload" name="test_upload_jpg_success" time="0.584" /><testcase classname="backend.tests.test_phase8_media_studio.TestUpload" name="test_upload_rejects_unsupported_mime" time="0.072" /><testcase classname="backend.tests.test_phase8_media_studio.TestEdit" name="test_edit_brightness_contrast_text" time="0.317" /><testcase classname="backend.tests.test_phase8_media_studio.TestEdit" name="test_edit_crop_rotate_flip_changes_dims" time="0.041" /><testcase classname="backend.tests.test_phase8_media_studio.TestEdit" name="test_edit_remove_background" time="9.596" /><testcase classname="backend.tests.test_phase8_media_studio.TestSocialExport" name="test_social_formats_list" time="0.063" /><testcase classname="backend.tests.test_phase8_media_studio.TestSocialExport" name="test_export_six_formats_cover" time="0.452" /><testcase classname="backend.tests.test_phase8_media_studio.TestSocialExport" name="test_export_contain_with_bg_color" time="0.060" /><testcase classname="backend.tests.test_phase8_media_studio.TestVideoRender" name="test_video_render_lifecycle" time="0.353"><failure message="AssertionError: Render failed: [Errno 2] No such file or directory: 'ffmpeg'&#10;assert 'failed' == 'completed'&#10;  &#10;  - completed&#10;  + failed">backend/tests/test_phase8_media_studio.py:233: in test_video_render_lifecycle
    assert final["status"] == "completed", f"Render failed: {final.get('error')}"
E   AssertionError: Render failed: [Errno 2] No such file or directory: 'ffmpeg'
E   assert 'failed' == 'completed'
E     
E     - completed
E     + failed</failure></testcase><testcase classname="backend.tests.test_phase8_media_studio.TestVideoRender" name="test_video_jobs_list_sorted" time="0.033" /><testcase classname="backend.tests.test_phase8_media_studio.TestStats" name="test_stats_contains_required_keys" time="0.077" /></testsuite></testsuites>