<?xml version="1.0" encoding="utf-8"?><testsuites name="pytest tests"><testsuite name="pytest" errors="0" failures="0" skipped="0" tests="15" time="3.722" timestamp="2026-06-26T01:40:49.364436+00:00" hostname="agent-env-ef37b546-26fa-4ba8-a5e1-9bfda9f0d955"><testcase classname="backend.tests.test_design_memory" name="test_design_memory_get_unauth" time="0.358" /><testcase classname="backend.tests.test_design_memory" name="test_design_memory_put_unauth" time="1.339" /><testcase classname="backend.tests.test_design_memory" name="test_creative_director_unauth" time="0.073" /><testcase classname="backend.tests.test_design_memory" name="test_design_memory_404_unknown" time="0.375" /><testcase classname="backend.tests.test_design_memory" name="test_design_memory_put_get_delete_roundtrip" time="0.367" /><testcase classname="backend.tests.test_design_memory" name="test_design_memory_invalid_key" time="0.072" /><testcase classname="backend.tests.test_design_memory" name="test_design_memory_empty_payload" time="0.067" /><testcase classname="backend.tests.test_design_memory" name="test_recommend_always_three" time="0.076" /><testcase classname="backend.tests.test_design_memory" name="test_recommend_payload_shape" time="0.081" /><testcase classname="backend.tests.test_design_memory" name="test_recommend_category_burger" time="0.072" /><testcase classname="backend.tests.test_design_memory" name="test_recommend_category_seafood" time="0.072" /><testcase classname="backend.tests.test_design_memory" name="test_recommend_category_sports_wings" time="0.075" /><testcase classname="backend.tests.test_design_memory" name="test_recommend_memory_bias_elevates_saved_theme" time="0.314" /><testcase classname="backend.tests.test_design_memory" name="test_recommend_memory_wins_across_categories" time="0.243" /><testcase classname="backend.tests.test_design_memory" name="test_recommend_general_fallback" time="0.086" /></testsuite></testsuites>