<?xml version="1.0" encoding="utf-8"?><testsuites name="pytest tests"><testsuite name="pytest" errors="0" failures="1" skipped="0" tests="23" time="32.200" timestamp="2026-06-26T02:35:02.394543+00:00" hostname="agent-env-ef37b546-26fa-4ba8-a5e1-9bfda9f0d955"><testcase classname="tests.test_design_memory" name="test_design_memory_get_unauth" time="15.124"><failure message="requests.exceptions.ReadTimeout: HTTPSConnectionPool(host='food-graphics-lab.preview.emergentagent.com', port=443): Read timed out. (read timeout=15)">/root/.venv/lib/python3.11/site-packages/urllib3/connectionpool.py:534: in _make_request
    response = conn.getresponse()
               ^^^^^^^^^^^^^^^^^^
/root/.venv/lib/python3.11/site-packages/urllib3/connection.py:571: in getresponse
    httplib_response = super().getresponse()
                       ^^^^^^^^^^^^^^^^^^^^^
/usr/local/lib/python3.11/http/client.py:1415: in getresponse
    response.begin()
/usr/local/lib/python3.11/http/client.py:330: in begin
    version, status, reason = self._read_status()
                              ^^^^^^^^^^^^^^^^^^^
/usr/local/lib/python3.11/http/client.py:291: in _read_status
    line = str(self.fp.readline(_MAXLINE + 1), "iso-8859-1")
               ^^^^^^^^^^^^^^^^^^^^^^^^^^^^^^
/usr/local/lib/python3.11/socket.py:718: in readinto
    return self._sock.recv_into(b)
           ^^^^^^^^^^^^^^^^^^^^^^^
/usr/local/lib/python3.11/ssl.py:1314: in recv_into
    return self.read(nbytes, buffer)
           ^^^^^^^^^^^^^^^^^^^^^^^^^
/usr/local/lib/python3.11/ssl.py:1166: in read
    return self._sslobj.read(len, buffer)
           ^^^^^^^^^^^^^^^^^^^^^^^^^^^^^^
E   TimeoutError: The read operation timed out

The above exception was the direct cause of the following exception:
/root/.venv/lib/python3.11/site-packages/requests/adapters.py:644: in send
    resp = conn.urlopen(
/root/.venv/lib/python3.11/site-packages/urllib3/connectionpool.py:841: in urlopen
    retries = retries.increment(
/root/.venv/lib/python3.11/site-packages/urllib3/util/retry.py:490: in increment
    raise reraise(type(error), error, _stacktrace)
          ^^^^^^^^^^^^^^^^^^^^^^^^^^^^^^^^^^^^^^^^
/root/.venv/lib/python3.11/site-packages/urllib3/util/util.py:39: in reraise
    raise value
/root/.venv/lib/python3.11/site-packages/urllib3/connectionpool.py:787: in urlopen
    response = self._make_request(
/root/.venv/lib/python3.11/site-packages/urllib3/connectionpool.py:536: in _make_request
    self._raise_timeout(err=e, url=url, timeout_value=read_timeout)
/root/.venv/lib/python3.11/site-packages/urllib3/connectionpool.py:367: in _raise_timeout
    raise ReadTimeoutError(
E   urllib3.exceptions.ReadTimeoutError: HTTPSConnectionPool(host='food-graphics-lab.preview.emergentagent.com', port=443): Read timed out. (read timeout=15)

During handling of the above exception, another exception occurred:
tests/test_design_memory.py:61: in test_design_memory_get_unauth
    r = requests.get(f"{API}/design-memory/burgers::test-item", timeout=TIMEOUT)
        ^^^^^^^^^^^^^^^^^^^^^^^^^^^^^^^^^^^^^^^^^^^^^^^^^^^^^^^^^^^^^^^^^^^^^^^^
/root/.venv/lib/python3.11/site-packages/requests/api.py:73: in get
    return request("get", url, params=params, **kwargs)
           ^^^^^^^^^^^^^^^^^^^^^^^^^^^^^^^^^^^^^^^^^^^^
/root/.venv/lib/python3.11/site-packages/requests/api.py:59: in request
    return session.request(method=method, url=url, **kwargs)
           ^^^^^^^^^^^^^^^^^^^^^^^^^^^^^^^^^^^^^^^^^^^^^^^^^
/root/.venv/lib/python3.11/site-packages/requests/sessions.py:589: in request
    resp = self.send(prep, **send_kwargs)
           ^^^^^^^^^^^^^^^^^^^^^^^^^^^^^^
/root/.venv/lib/python3.11/site-packages/requests/sessions.py:703: in send
    r = adapter.send(request, **kwargs)
        ^^^^^^^^^^^^^^^^^^^^^^^^^^^^^^^
/root/.venv/lib/python3.11/site-packages/requests/adapters.py:690: in send
    raise ReadTimeout(e, request=request)
E   requests.exceptions.ReadTimeout: HTTPSConnectionPool(host='food-graphics-lab.preview.emergentagent.com', port=443): Read timed out. (read timeout=15)</failure></testcase><testcase classname="tests.test_design_memory" name="test_design_memory_put_unauth" time="9.840" /><testcase classname="tests.test_design_memory" name="test_creative_director_unauth" time="0.135" /><testcase classname="tests.test_design_memory" name="test_design_memory_404_unknown" time="0.370" /><testcase classname="tests.test_design_memory" name="test_design_memory_put_get_delete_roundtrip" time="0.409" /><testcase classname="tests.test_design_memory" name="test_design_memory_invalid_key" time="0.092" /><testcase classname="tests.test_design_memory" name="test_design_memory_empty_payload" time="0.109" /><testcase classname="tests.test_design_memory" name="test_recommend_always_three" time="0.072" /><testcase classname="tests.test_design_memory" name="test_recommend_payload_shape" time="0.082" /><testcase classname="tests.test_design_memory" name="test_recommend_category_burger" time="0.100" /><testcase classname="tests.test_design_memory" name="test_recommend_category_seafood" time="0.081" /><testcase classname="tests.test_design_memory" name="test_recommend_category_sports_wings" time="0.078" /><testcase classname="tests.test_design_memory" name="test_recommend_memory_bias_elevates_saved_theme" time="0.315" /><testcase classname="tests.test_design_memory" name="test_recommend_memory_wins_across_categories" time="1.997" /><testcase classname="tests.test_design_memory" name="test_recommend_general_fallback" time="0.083" /><testcase classname="tests.test_smart_menu_workflow" name="test_recommend_returns_style_traits" time="0.377" /><testcase classname="tests.test_smart_menu_workflow" name="test_recommend_traits_match_pack" time="0.160" /><testcase classname="tests.test_smart_menu_workflow" name="test_memory_accepts_vision_choice" time="0.228" /><testcase classname="tests.test_smart_menu_workflow" name="test_assets_filter_by_theme_and_item_key_and_since" time="0.146" /><testcase classname="tests.test_smart_menu_workflow" name="test_assets_smart_sort_favorites_first" time="1.053" /><testcase classname="tests.test_smart_menu_workflow" name="test_assets_mark_used_bumps_last_used_at" time="0.530" /><testcase classname="tests.test_smart_menu_workflow" name="test_mark_used_404" time="0.079" /><testcase classname="tests.test_smart_menu_workflow" name="test_recommend_favorite_bias" time="0.571" /></testsuite></testsuites>