<?xml version="1.0" encoding="utf-8"?><testsuites name="pytest tests"><testsuite name="pytest" errors="0" failures="0" skipped="0" tests="58" time="13.230" timestamp="2026-04-11T01:25:27.669913+00:00" hostname="agent-env-efaf7797-c558-4d8b-87d9-5fb5131b19fc"><testcase classname="backend.tests.test_api.TestHealthAndRoot" name="test_root_returns_hello_world" time="0.246" /><testcase classname="backend.tests.test_api.TestAuthentication" name="test_login_with_correct_password" time="0.082" /><testcase classname="backend.tests.test_api.TestAuthentication" name="test_login_with_wrong_password" time="0.194" /><testcase classname="backend.tests.test_api.TestAuthentication" name="test_verify_with_valid_token" time="0.163" /><testcase classname="backend.tests.test_api.TestAuthentication" name="test_verify_without_token" time="0.082" /><testcase classname="backend.tests.test_api.TestAnalytics" name="test_analytics_requires_auth" time="0.077" /><testcase classname="backend.tests.test_api.TestAnalytics" name="test_analytics_returns_complete_data" time="0.209" /><testcase classname="backend.tests.test_api.TestTracking" name="test_track_pageview" time="0.079" /><testcase classname="backend.tests.test_api.TestTracking" name="test_track_button_click" time="0.092" /><testcase classname="backend.tests.test_api.TestSpecials" name="test_get_specials_public" time="0.082" /><testcase classname="backend.tests.test_api.TestSpecials" name="test_create_and_delete_special" time="0.433" /><testcase classname="backend.tests.test_api.TestSpecials" name="test_create_special_requires_auth" time="0.076" /><testcase classname="backend.tests.test_api.TestSpecials" name="test_update_special" time="0.392" /><testcase classname="backend.tests.test_api.TestNewsletter" name="test_subscribe_with_valid_email" time="0.096" /><testcase classname="backend.tests.test_api.TestNewsletter" name="test_subscribe_duplicate_email" time="0.176" /><testcase classname="backend.tests.test_api.TestNewsletter" name="test_subscribe_invalid_email" time="0.082" /><testcase classname="backend.tests.test_api.TestNewsletter" name="test_subscribe_empty_email" time="0.075" /><testcase classname="backend.tests.test_api.TestNewsletter" name="test_get_subscribers_requires_auth" time="0.077" /><testcase classname="backend.tests.test_api.TestNewsletter" name="test_get_subscribers_with_auth" time="0.166" /><testcase classname="backend.tests.test_api.TestCateringInquiries" name="test_submit_catering_inquiry_valid" time="0.074" /><testcase classname="backend.tests.test_api.TestCateringInquiries" name="test_submit_catering_inquiry_missing_name" time="0.074" /><testcase classname="backend.tests.test_api.TestCateringInquiries" name="test_submit_catering_inquiry_missing_email" time="0.073" /><testcase classname="backend.tests.test_api.TestCateringInquiries" name="test_submit_catering_inquiry_missing_message" time="0.086" /><testcase classname="backend.tests.test_api.TestCateringInquiries" name="test_get_catering_inquiries_requires_auth" time="0.075" /><testcase classname="backend.tests.test_api.TestCateringInquiries" name="test_get_catering_inquiries_with_auth" time="0.145" /><testcase classname="backend.tests.test_api.TestCateringInquiries" name="test_update_catering_status_valid" time="0.325" /><testcase classname="backend.tests.test_api.TestCateringInquiries" name="test_update_catering_status_invalid" time="0.286" /><testcase classname="backend.tests.test_api.TestCateringInquiries" name="test_update_catering_status_requires_auth" time="0.091" /><testcase classname="backend.tests.test_api.TestCateringInquiries" name="test_update_catering_status_not_found" time="0.152" /><testcase classname="backend.tests.test_api.TestSEOFiles" name="test_robots_txt_accessible" time="0.090" /><testcase classname="backend.tests.test_api.TestSEOFiles" name="test_sitemap_xml_accessible" time="0.078" /><testcase classname="backend.tests.test_api.TestCMSContent" name="test_get_content_returns_site_content" time="0.091" /><testcase classname="backend.tests.test_api.TestCMSContent" name="test_update_hero_with_auth" time="0.399" /><testcase classname="backend.tests.test_api.TestCMSContent" name="test_update_hero_requires_auth" time="0.082" /><testcase classname="backend.tests.test_api.TestCMSContent" name="test_update_about_with_auth" time="0.351" /><testcase classname="backend.tests.test_api.TestCMSContent" name="test_update_contact_with_auth" time="0.333" /><testcase classname="backend.tests.test_api.TestCMSContent" name="test_update_invalid_section" time="0.149" /><testcase classname="backend.tests.test_api.TestCMSMenu" name="test_get_menu_returns_categories" time="0.096" /><testcase classname="backend.tests.test_api.TestCMSMenu" name="test_update_menu_category_with_auth" time="0.381" /><testcase classname="backend.tests.test_api.TestCMSMenu" name="test_update_menu_category_items" time="0.345" /><testcase classname="backend.tests.test_api.TestCMSMenu" name="test_update_menu_category_requires_auth" time="0.142" /><testcase classname="backend.tests.test_api.TestCMSMenu" name="test_update_menu_category_not_found" time="0.151" /><testcase classname="backend.tests.test_api.TestCMSMenu" name="test_update_menu_category_no_valid_fields" time="0.258" /><testcase classname="backend.tests.test_api.TestGiveawaySettings" name="test_get_giveaway_settings_returns_settings" time="0.099" /><testcase classname="backend.tests.test_api.TestGiveawaySettings" name="test_update_giveaway_toggle_is_active" time="0.405" /><testcase classname="backend.tests.test_api.TestGiveawaySettings" name="test_update_giveaway_title_subtitle_dates" time="0.311" /><testcase classname="backend.tests.test_api.TestGiveawaySettings" name="test_update_giveaway_prizes" time="0.312" /><testcase classname="backend.tests.test_api.TestGiveawaySettings" name="test_update_giveaway_requires_auth" time="0.079" /><testcase classname="backend.tests.test_api.TestGiveawaySpin" name="test_spin_returns_400_when_inactive" time="0.218" /><testcase classname="backend.tests.test_api.TestGiveawaySpin" name="test_spin_returns_prize_when_active" time="0.357" /><testcase classname="backend.tests.test_api.TestGiveawaySpin" name="test_spin_same_email_returns_already_entered" time="2.480" /><testcase classname="backend.tests.test_api.TestGiveawaySpin" name="test_spin_invalid_email_returns_400" time="0.379" /><testcase classname="backend.tests.test_api.TestGiveawayEntries" name="test_get_entries_requires_auth" time="0.095" /><testcase classname="backend.tests.test_api.TestGiveawayEntries" name="test_get_entries_with_auth" time="0.155" /><testcase classname="backend.tests.test_api.TestGiveawayEntries" name="test_mark_entry_claimed" time="0.583" /><testcase classname="backend.tests.test_api.TestGiveawayEntries" name="test_mark_entry_claimed_requires_auth" time="0.082" /><testcase classname="backend.tests.test_api.TestGiveawayEntries" name="test_mark_entry_claimed_not_found" time="0.170" /><testcase classname="backend.tests.test_api.TestGiveawayWinners" name="test_get_winners_public" time="0.144" /></testsuite></testsuites>