<?xml version="1.0" encoding="utf-8"?><testsuites name="pytest tests"><testsuite name="pytest" errors="0" failures="0" skipped="0" tests="5" time="160.940" timestamp="2026-06-29T04:39:42.641308+00:00" hostname="agent-env-a9f070f3-1790-46b6-b046-1ac72256b931"><testcase classname="tests.test_sprint22g_diversity" name="test_variation_diversity_per_theme[luxury]" time="43.685" /><testcase classname="tests.test_sprint22g_diversity" name="test_variation_diversity_per_theme[cajun]" time="36.329" /><testcase classname="tests.test_sprint22g_diversity" name="test_variation_diversity_per_theme[modern]" time="26.784" /><testcase classname="tests.test_sprint22g_diversity" name="test_variation_diversity_per_theme[vintage]" time="26.863" /><testcase classname="tests.test_sprint22g_diversity" name="test_variation_diversity_per_theme[burger_classic]" time="27.222" /></testsuite></testsuites>