<?xml version="1.0" encoding="utf-8"?><testsuites name="pytest tests"><testsuite name="pytest" errors="0" failures="0" skipped="0" tests="19" time="12.781" timestamp="2026-04-10T22:54:21.422341+00:00" hostname="agent-env-efaf7797-c558-4d8b-87d9-5fb5131b19fc"><testcase classname="backend.tests.test_api.TestHealthAndRoot" name="test_root_returns_hello_world" time="0.536" /><testcase classname="backend.tests.test_api.TestAuthentication" name="test_login_with_correct_password" time="0.417" /><testcase classname="backend.tests.test_api.TestAuthentication" name="test_login_with_wrong_password" time="0.429" /><testcase classname="backend.tests.test_api.TestAuthentication" name="test_verify_with_valid_token" time="0.941" /><testcase classname="backend.tests.test_api.TestAuthentication" name="test_verify_without_token" time="0.442" /><testcase classname="backend.tests.test_api.TestAnalytics" name="test_analytics_requires_auth" time="0.431" /><testcase classname="backend.tests.test_api.TestAnalytics" name="test_analytics_returns_complete_data" time="0.835" /><testcase classname="backend.tests.test_api.TestTracking" name="test_track_pageview" time="0.406" /><testcase classname="backend.tests.test_api.TestTracking" name="test_track_button_click" time="0.413" /><testcase classname="backend.tests.test_api.TestSpecials" name="test_get_specials_public" time="0.388" /><testcase classname="backend.tests.test_api.TestSpecials" name="test_create_and_delete_special" time="2.103" /><testcase classname="backend.tests.test_api.TestSpecials" name="test_create_special_requires_auth" time="0.407" /><testcase classname="backend.tests.test_api.TestSpecials" name="test_update_special" time="1.647" /><testcase classname="backend.tests.test_api.TestNewsletter" name="test_subscribe_with_valid_email" time="0.402" /><testcase classname="backend.tests.test_api.TestNewsletter" name="test_subscribe_duplicate_email" time="0.828" /><testcase classname="backend.tests.test_api.TestNewsletter" name="test_subscribe_invalid_email" time="0.431" /><testcase classname="backend.tests.test_api.TestNewsletter" name="test_subscribe_empty_email" time="0.416" /><testcase classname="backend.tests.test_api.TestNewsletter" name="test_get_subscribers_requires_auth" time="0.390" /><testcase classname="backend.tests.test_api.TestNewsletter" name="test_get_subscribers_with_auth" time="0.839" /></testsuite></testsuites>