<?xml version="1.0" encoding="utf-8"?><testsuites name="pytest tests"><testsuite name="pytest" errors="0" failures="0" skipped="0" tests="2" time="22.652" timestamp="2026-06-09T06:29:20.734334+00:00" hostname="agent-env-efaf7797-c558-4d8b-87d9-5fb5131b19fc"><testcase classname="backend.tests.test_phase8_media_studio.TestVideoRender" name="test_video_render_lifecycle" time="22.435" /><testcase classname="backend.tests.test_phase8_media_studio.TestVideoRender" name="test_video_jobs_list_sorted" time="0.159" /></testsuite></testsuites>