<?xml version="1.0" encoding="utf-8"?><testsuites name="pytest tests"><testsuite name="pytest" errors="0" failures="2" skipped="0" tests="25" time="238.642" timestamp="2026-06-09T00:56:07.171129+00:00" hostname="agent-env-efaf7797-c558-4d8b-87d9-5fb5131b19fc"><testcase classname="backend.tests.test_ai_ads.TestAuth" name="test_login_success" time="0.482" /><testcase classname="backend.tests.test_ai_ads.TestAuth" name="test_login_wrong_password" time="0.272" /><testcase classname="backend.tests.test_ai_ads.TestAuth" name="test_verify_with_token" time="0.445" /><testcase classname="backend.tests.test_ai_ads.TestAuth" name="test_unauth_blocked" time="0.045"><failure message="assert 200 == 401&#10; +  where 200 = &lt;Response [200]&gt;.status_code">backend/tests/test_ai_ads.py:64: in test_unauth_blocked
    assert r.status_code == 401
E   assert 200 == 401
E    +  where 200 = &lt;Response [200]&gt;.status_code</failure></testcase><testcase classname="backend.tests.test_ai_ads.TestCatalog" name="test_templates" time="0.050" /><testcase classname="backend.tests.test_ai_ads.TestCatalog" name="test_stats" time="0.050" /><testcase classname="backend.tests.test_ai_ads.TestCatalog" name="test_config_get" time="0.042" /><testcase classname="backend.tests.test_ai_ads.TestCatalog" name="test_config_put" time="0.178" /><testcase classname="backend.tests.test_ai_ads.TestCatalog" name="test_providers" time="0.049"><failure message="AssertionError: assert False&#10; +  where False = isinstance({'available': [{'default': True, 'label': 'GPT-5', 'model': 'gpt-5', 'provider': 'openai'}, {'label': 'GPT-5 mini (cheap)', 'model': 'gpt-5-mini', 'provider': 'openai'}, {'label': 'Claude Sonnet 4.5', 'model': 'claude-sonnet-4-5-20250929', 'provider': 'anthropic'}, {'label': 'Gemini 2.5 Flash', 'model': 'gemini-2.5-flash', 'provider': 'gemini'}, {'label': 'Gemini 2.5 Pro', 'model': 'gemini-2.5-pro', 'provider': 'gemini'}], 'enabled': True}, list)">backend/tests/test_ai_ads.py:111: in test_providers
    assert isinstance(d[kind], list)
E   AssertionError: assert False
E    +  where False = isinstance({'available': [{'default': True, 'label': 'GPT-5', 'model': 'gpt-5', 'provider': 'openai'}, {'label': 'GPT-5 mini (cheap)', 'model': 'gpt-5-mini', 'provider': 'openai'}, {'label': 'Claude Sonnet 4.5', 'model': 'claude-sonnet-4-5-20250929', 'provider': 'anthropic'}, {'label': 'Gemini 2.5 Flash', 'model': 'gemini-2.5-flash', 'provider': 'gemini'}, {'label': 'Gemini 2.5 Pro', 'model': 'gemini-2.5-pro', 'provider': 'gemini'}], 'enabled': True}, list)</failure></testcase><testcase classname="backend.tests.test_ai_ads.TestCatalog" name="test_settings_get_then_put" time="0.201" /><testcase classname="backend.tests.test_ai_ads.TestCampaigns" name="test_list_campaigns" time="0.058" /><testcase classname="backend.tests.test_ai_ads.TestAssets" name="test_list_assets_no_filter" time="0.060" /><testcase classname="backend.tests.test_ai_ads.TestAssets" name="test_create_asset" time="0.093" /><testcase classname="backend.tests.test_ai_ads.TestAssets" name="test_filter_assets" time="0.220" /><testcase classname="backend.tests.test_ai_ads.TestAssets" name="test_patch_asset_favorite" time="0.105" /><testcase classname="backend.tests.test_ai_ads.TestAssets" name="test_patch_asset_archive" time="0.045" /><testcase classname="backend.tests.test_ai_ads.TestAssets" name="test_duplicate_asset" time="0.196" /><testcase classname="backend.tests.test_ai_ads.TestAssets" name="test_duplicate_nonexistent" time="0.049" /><testcase classname="backend.tests.test_ai_ads.TestAssets" name="test_delete_asset" time="0.192" /><testcase classname="backend.tests.test_ai_ads.TestGenerationSoft" name="test_generate_master" time="40.744" /><testcase classname="backend.tests.test_ai_ads.TestGenerationSoft" name="test_generate_specialty[social]" time="34.856" /><testcase classname="backend.tests.test_ai_ads.TestGenerationSoft" name="test_generate_specialty[email]" time="42.842" /><testcase classname="backend.tests.test_ai_ads.TestGenerationSoft" name="test_generate_specialty[sms]" time="33.389" /><testcase classname="backend.tests.test_ai_ads.TestGenerationSoft" name="test_generate_specialty[image_concept]" time="34.971" /><testcase classname="backend.tests.test_ai_ads.TestGenerationSoft" name="test_generate_specialty[video_concept]" time="48.863" /></testsuite></testsuites>