<?xml version="1.0" encoding="utf-8"?><testsuites name="pytest tests"><testsuite name="pytest" errors="0" failures="1" skipped="0" tests="18" time="65.454" timestamp="2026-06-09T01:33:54.317084+00:00" hostname="agent-env-efaf7797-c558-4d8b-87d9-5fb5131b19fc"><testcase classname="backend.tests.test_ai_ads_phase345.TestPhase3Plugins" name="test_list_plugins" time="0.524" /><testcase classname="backend.tests.test_ai_ads_phase345.TestPhase3Plugins" name="test_get_restaurant_plugin" time="0.143" /><testcase classname="backend.tests.test_ai_ads_phase345.TestPhase3Plugins" name="test_get_unknown_plugin" time="0.074" /><testcase classname="backend.tests.test_ai_ads_phase345.TestPhase3Plugins" name="test_plugin_promote_two_actions" time="60.040"><failure message="AssertionError: 502: The preview environment is not responding. It may be starting up.&#10;  &#10;assert 502 == 200&#10; +  where 502 = &lt;Response [502]&gt;.status_code">backend/tests/test_ai_ads_phase345.py:90: in test_plugin_promote_two_actions
    assert r.status_code == 200, f"{r.status_code}: {r.text[:500]}"
E   AssertionError: 502: The preview environment is not responding. It may be starting up.
E     
E   assert 502 == 200
E    +  where 502 = &lt;Response [502]&gt;.status_code</failure></testcase><testcase classname="backend.tests.test_ai_ads_phase345.TestPhase3Plugins" name="test_plugin_promote_invalid_actions" time="1.982" /><testcase classname="backend.tests.test_ai_ads_phase345.TestPhase4Bulk" name="test_bulk_favorite" time="1.419" /><testcase classname="backend.tests.test_ai_ads_phase345.TestPhase4Bulk" name="test_bulk_archive" time="0.107" /><testcase classname="backend.tests.test_ai_ads_phase345.TestPhase4Bulk" name="test_export_txt" time="0.075" /><testcase classname="backend.tests.test_ai_ads_phase345.TestPhase4Bulk" name="test_export_csv" time="0.037" /><testcase classname="backend.tests.test_ai_ads_phase345.TestPhase4Bulk" name="test_export_json" time="0.079" /><testcase classname="backend.tests.test_ai_ads_phase345.TestPhase4Bulk" name="test_export_bad_format" time="0.036" /><testcase classname="backend.tests.test_ai_ads_phase345.TestPhase4Bulk" name="test_export_empty_ids" time="0.077" /><testcase classname="backend.tests.test_ai_ads_phase345.TestPhase4Bulk" name="test_status_scheduled_allowed" time="0.116" /><testcase classname="backend.tests.test_ai_ads_phase345.TestPhase4Bulk" name="test_date_filters" time="0.105" /><testcase classname="backend.tests.test_ai_ads_phase345.TestPhase4Bulk" name="test_bulk_delete" time="0.217" /><testcase classname="backend.tests.test_ai_ads_phase345.TestPhase5Analytics" name="test_analytics_shape" time="0.038" /><testcase classname="backend.tests.test_ai_ads_phase345.TestRegression" name="test_menu_public" time="0.033" /><testcase classname="backend.tests.test_ai_ads_phase345.TestRegression" name="test_login_still_works" time="0.253" /></testsuite></testsuites>