<?xml version="1.0" encoding="utf-8"?><testsuites name="pytest tests"><testsuite name="pytest" errors="0" failures="0" skipped="0" tests="33" time="8.284" timestamp="2026-06-09T03:37:38.392073+00:00" hostname="agent-env-efaf7797-c558-4d8b-87d9-5fb5131b19fc"><testcase classname="backend.tests.test_final_launch" name="test_health" time="0.564" /><testcase classname="backend.tests.test_final_launch" name="test_setup_guides[facebook]" time="0.203" /><testcase classname="backend.tests.test_final_launch" name="test_setup_guides[instagram]" time="0.122" /><testcase classname="backend.tests.test_final_launch" name="test_setup_guides[google_business]" time="0.083" /><testcase classname="backend.tests.test_final_launch" name="test_setup_guides[mailchimp]" time="0.087" /><testcase classname="backend.tests.test_final_launch" name="test_setup_guides[email]" time="0.078" /><testcase classname="backend.tests.test_final_launch" name="test_setup_guides[sms]" time="0.077" /><testcase classname="backend.tests.test_final_launch" name="test_setup_guide_unknown_404" time="0.095" /><testcase classname="backend.tests.test_final_launch" name="test_test_connection_requires_saved_connection" time="0.224" /><testcase classname="backend.tests.test_final_launch" name="test_test_connection_real_facebook_call" time="0.439" /><testcase classname="backend.tests.test_final_launch" name="test_test_connection_records_last_test" time="0.615" /><testcase classname="backend.tests.test_phase1_real_providers" name="test_publish_without_connection_fails_clearly[facebook]" time="0.569" /><testcase classname="backend.tests.test_phase1_real_providers" name="test_publish_without_connection_fails_clearly[instagram]" time="0.202" /><testcase classname="backend.tests.test_phase1_real_providers" name="test_publish_without_connection_fails_clearly[google_business]" time="0.190" /><testcase classname="backend.tests.test_phase1_real_providers" name="test_publish_without_connection_fails_clearly[mailchimp]" time="0.175" /><testcase classname="backend.tests.test_phase1_real_providers" name="test_publish_without_connection_fails_clearly[email]" time="0.185" /><testcase classname="backend.tests.test_phase1_real_providers" name="test_publish_without_connection_fails_clearly[sms]" time="0.221" /><testcase classname="backend.tests.test_phase1_real_providers" name="test_facebook_invalid_token_returns_real_error" time="0.421" /><testcase classname="backend.tests.test_phase1_real_providers" name="test_instagram_requires_image_url" time="0.259" /><testcase classname="backend.tests.test_phase1_real_providers" name="test_sendgrid_invalid_key_returns_real_error" time="0.704" /><testcase classname="backend.tests.test_phase6_publishing" name="test_providers_catalog" time="0.377" /><testcase classname="backend.tests.test_phase6_publishing" name="test_publish_stats" time="0.085" /><testcase classname="backend.tests.test_phase6_publishing" name="test_schedule_cancel" time="0.259" /><testcase classname="backend.tests.test_phase6_publishing" name="test_reschedule" time="0.291" /><testcase classname="backend.tests.test_phase6_publishing" name="test_publish_now_simulated" time="0.086" /><testcase classname="backend.tests.test_phase6_publishing" name="test_bundle_schedule" time="0.286" /><testcase classname="backend.tests.test_phase6_publishing" name="test_calendar_endpoint" time="0.097" /><testcase classname="backend.tests.test_phase6_publishing" name="test_queue_endpoint" time="0.077" /><testcase classname="backend.tests.test_phase6_publishing" name="test_logs_endpoint" time="0.094" /><testcase classname="backend.tests.test_phase6_publishing" name="test_provider_connect_disconnect" time="0.236" /><testcase classname="backend.tests.test_phase6_publishing" name="test_automation_crud" time="0.356" /><testcase classname="backend.tests.test_phase6_publishing" name="test_smart_recommendations" time="0.103" /><testcase classname="backend.tests.test_phase6_publishing" name="test_scheduler_runs_due_post" time="0.356" /></testsuite></testsuites>