<?xml version="1.0" encoding="utf-8"?><testsuites name="pytest tests"><testsuite name="pytest" errors="0" failures="0" skipped="0" tests="32" time="5.603" timestamp="2026-06-10T12:32:34.542880+00:00" hostname="agent-env-efaf7797-c558-4d8b-87d9-5fb5131b19fc"><testcase classname="tests.test_sprint_12c.TestMediaRouterSplit" name="test_health" time="1.114" /><testcase classname="tests.test_sprint_12c.TestMediaRouterSplit" name="test_assets_list" time="0.251" /><testcase classname="tests.test_sprint_12c.TestMediaRouterSplit" name="test_assets_list_excludes_legacy" time="0.118" /><testcase classname="tests.test_sprint_12c.TestMediaRouterSplit" name="test_folders" time="0.121" /><testcase classname="tests.test_sprint_12c.TestMediaRouterSplit" name="test_stats" time="0.150" /><testcase classname="tests.test_sprint_12c.TestMediaRouterSplit" name="test_audit" time="0.101" /><testcase classname="tests.test_sprint_12c.TestMediaRouterSplit" name="test_social_formats" time="0.099" /><testcase classname="tests.test_sprint_12c.TestMediaRouterSplit" name="test_video_jobs" time="0.099" /><testcase classname="tests.test_sprint_12c.TestMediaRouterSplit" name="test_auth_required" time="0.084" /><testcase classname="tests.test_sprint_12c.TestAiAdsAssetsMigrated" name="test_list_total_18" time="0.101" /><testcase classname="tests.test_sprint_12c.TestAiAdsAssetsMigrated" name="test_kind_breakdown" time="0.308" /><testcase classname="tests.test_sprint_12c.TestAiAdsAssetsMigrated" name="test_q_search" time="0.091" /><testcase classname="tests.test_sprint_12c.TestAiAdsAssetsMigrated" name="test_crud_round_trip" time="0.948" /><testcase classname="tests.test_sprint_12c.TestAiAdsStats" name="test_stats_asset_counts" time="0.087" /><testcase classname="tests.test_sprint_12c.TestSpecials" name="test_list_public" time="0.088" /><testcase classname="tests.test_sprint_12c.TestSpecials" name="test_friday_fish_fry_stable_id" time="0.103" /><testcase classname="tests.test_sprint_12c.TestTTLIndexes" name="test_ttl_index_exists[failure_audit_log]" time="0.014" /><testcase classname="tests.test_sprint_12c.TestTTLIndexes" name="test_ttl_index_exists[publish_logs]" time="0.001" /><testcase classname="tests.test_sprint_12c.TestTTLIndexes" name="test_ttl_index_exists[page_views]" time="0.001" /><testcase classname="tests.test_sprint_12c.TestTTLIndexes" name="test_ttl_index_exists[ai_generations]" time="0.001" /><testcase classname="tests.test_sprint_12c.TestTTLIndexes" name="test_ai_generations_have_expires_at" time="0.001" /><testcase classname="tests.test_sprint_12c.TestRegressionSmokes" name="test_menu" time="0.082" /><testcase classname="tests.test_sprint_12c.TestRegressionSmokes" name="test_content" time="0.112" /><testcase classname="tests.test_sprint_12c.TestRegressionSmokes" name="test_home_summary" time="0.106" /><testcase classname="tests.test_sprint_12c.TestRegressionSmokes" name="test_home_health" time="0.127" /><testcase classname="tests.test_sprint_12c.TestRegressionSmokes" name="test_items_not_promoted" time="0.127" /><testcase classname="tests.test_sprint_12c.TestRegressionSmokes" name="test_ai_ads_plugins" time="0.091" /><testcase classname="tests.test_sprint_12c.TestRegressionSmokes" name="test_ai_ads_plugin_restaurant" time="0.126" /><testcase classname="tests.test_sprint_12c.TestRegressionSmokes" name="test_ai_ads_templates" time="0.147" /><testcase classname="tests.test_sprint_12c.TestRegressionSmokes" name="test_ai_ads_providers" time="0.153" /><testcase classname="tests.test_sprint_12c.TestMarketingPackPipeline" name="test_shared_imports_resolve" time="0.495" /><testcase classname="tests.test_sprint_12c.TestMarketingPackPipeline" name="test_specials_collection_dropped" time="0.001" /></testsuite></testsuites>