<?xml version="1.0" encoding="utf-8"?><testsuites name="pytest tests"><testsuite name="pytest" errors="0" failures="0" skipped="0" tests="123" time="33.980" timestamp="2026-04-21T23:01:13.384054+00:00" hostname="agent-env-efaf7797-c558-4d8b-87d9-5fb5131b19fc"><testcase classname="backend.tests.test_api.TestHealthAndRoot" name="test_root_returns_hello_world" time="0.253" /><testcase classname="backend.tests.test_api.TestAuthentication" name="test_login_with_correct_password" time="0.215" /><testcase classname="backend.tests.test_api.TestAuthentication" name="test_login_with_wrong_password" time="0.093" /><testcase classname="backend.tests.test_api.TestAuthentication" name="test_verify_with_valid_token" time="0.173" /><testcase classname="backend.tests.test_api.TestAuthentication" name="test_verify_without_token" time="0.083" /><testcase classname="backend.tests.test_api.TestAnalytics" name="test_analytics_requires_auth" time="0.084" /><testcase classname="backend.tests.test_api.TestAnalytics" name="test_analytics_returns_complete_data" time="0.169" /><testcase classname="backend.tests.test_api.TestTracking" name="test_track_pageview" time="0.141" /><testcase classname="backend.tests.test_api.TestTracking" name="test_track_button_click" time="0.085" /><testcase classname="backend.tests.test_api.TestSpecials" name="test_get_specials_public" time="0.096" /><testcase classname="backend.tests.test_api.TestSpecials" name="test_create_and_delete_special" time="0.421" /><testcase classname="backend.tests.test_api.TestSpecials" name="test_create_special_requires_auth" time="0.095" /><testcase classname="backend.tests.test_api.TestSpecials" name="test_update_special" time="0.367" /><testcase classname="backend.tests.test_api.TestNewsletter" name="test_subscribe_with_valid_email" time="0.072" /><testcase classname="backend.tests.test_api.TestNewsletter" name="test_subscribe_duplicate_email" time="0.163" /><testcase classname="backend.tests.test_api.TestNewsletter" name="test_subscribe_invalid_email" time="0.088" /><testcase classname="backend.tests.test_api.TestNewsletter" name="test_subscribe_empty_email" time="0.082" /><testcase classname="backend.tests.test_api.TestNewsletter" name="test_get_subscribers_requires_auth" time="0.097" /><testcase classname="backend.tests.test_api.TestNewsletter" name="test_get_subscribers_with_auth" time="0.170" /><testcase classname="backend.tests.test_api.TestCateringInquiries" name="test_submit_catering_inquiry_valid" time="0.073" /><testcase classname="backend.tests.test_api.TestCateringInquiries" name="test_submit_catering_inquiry_missing_name" time="0.084" /><testcase classname="backend.tests.test_api.TestCateringInquiries" name="test_submit_catering_inquiry_missing_email" time="0.075" /><testcase classname="backend.tests.test_api.TestCateringInquiries" name="test_submit_catering_inquiry_missing_message" time="0.086" /><testcase classname="backend.tests.test_api.TestCateringInquiries" name="test_get_catering_inquiries_requires_auth" time="0.134" /><testcase classname="backend.tests.test_api.TestCateringInquiries" name="test_get_catering_inquiries_with_auth" time="0.177" /><testcase classname="backend.tests.test_api.TestCateringInquiries" name="test_update_catering_status_valid" time="0.324" /><testcase classname="backend.tests.test_api.TestCateringInquiries" name="test_update_catering_status_invalid" time="0.247" /><testcase classname="backend.tests.test_api.TestCateringInquiries" name="test_update_catering_status_requires_auth" time="0.088" /><testcase classname="backend.tests.test_api.TestCateringInquiries" name="test_update_catering_status_not_found" time="0.181" /><testcase classname="backend.tests.test_api.TestSEOFiles" name="test_robots_txt_accessible" time="0.090" /><testcase classname="backend.tests.test_api.TestSEOFiles" name="test_sitemap_xml_accessible" time="0.102" /><testcase classname="backend.tests.test_api.TestCMSContent" name="test_get_content_returns_site_content" time="0.082" /><testcase classname="backend.tests.test_api.TestCMSContent" name="test_update_hero_with_auth" time="0.446" /><testcase classname="backend.tests.test_api.TestCMSContent" name="test_update_hero_requires_auth" time="0.085" /><testcase classname="backend.tests.test_api.TestCMSContent" name="test_update_about_with_auth" time="0.294" /><testcase classname="backend.tests.test_api.TestCMSContent" name="test_update_contact_with_auth" time="0.351" /><testcase classname="backend.tests.test_api.TestCMSContent" name="test_update_invalid_section" time="0.182" /><testcase classname="backend.tests.test_api.TestCMSMenu" name="test_get_menu_returns_categories" time="0.088" /><testcase classname="backend.tests.test_api.TestCMSMenu" name="test_update_menu_category_with_auth" time="0.417" /><testcase classname="backend.tests.test_api.TestCMSMenu" name="test_update_menu_category_items" time="0.364" /><testcase classname="backend.tests.test_api.TestCMSMenu" name="test_update_menu_category_requires_auth" time="0.154" /><testcase classname="backend.tests.test_api.TestCMSMenu" name="test_update_menu_category_not_found" time="0.186" /><testcase classname="backend.tests.test_api.TestCMSMenu" name="test_update_menu_category_no_valid_fields" time="0.240" /><testcase classname="backend.tests.test_api.TestGiveawaySettings" name="test_get_giveaway_settings_returns_settings" time="0.084" /><testcase classname="backend.tests.test_api.TestGiveawaySettings" name="test_update_giveaway_toggle_is_active" time="0.413" /><testcase classname="backend.tests.test_api.TestGiveawaySettings" name="test_update_giveaway_title_subtitle_dates" time="0.316" /><testcase classname="backend.tests.test_api.TestGiveawaySettings" name="test_update_giveaway_prizes" time="0.392" /><testcase classname="backend.tests.test_api.TestGiveawaySettings" name="test_update_giveaway_requires_auth" time="0.079" /><testcase classname="backend.tests.test_api.TestGiveawaySpin" name="test_spin_returns_400_when_inactive" time="0.252" /><testcase classname="backend.tests.test_api.TestGiveawaySpin" name="test_spin_returns_prize_when_active" time="5.493" /><testcase classname="backend.tests.test_api.TestGiveawaySpin" name="test_spin_same_email_returns_already_entered" time="0.443" /><testcase classname="backend.tests.test_api.TestGiveawaySpin" name="test_spin_invalid_email_returns_400" time="3.429" /><testcase classname="backend.tests.test_api.TestGiveawayEntries" name="test_get_entries_requires_auth" time="0.084" /><testcase classname="backend.tests.test_api.TestGiveawayEntries" name="test_get_entries_with_auth" time="0.175" /><testcase classname="backend.tests.test_api.TestGiveawayEntries" name="test_mark_entry_claimed" time="0.587" /><testcase classname="backend.tests.test_api.TestGiveawayEntries" name="test_mark_entry_claimed_requires_auth" time="0.083" /><testcase classname="backend.tests.test_api.TestGiveawayEntries" name="test_mark_entry_claimed_not_found" time="0.193" /><testcase classname="backend.tests.test_api.TestGiveawayWinners" name="test_get_winners_public" time="0.073" /><testcase classname="backend.tests.test_api.TestLoyaltyJoin" name="test_join_loyalty_with_name_and_phone" time="0.068" /><testcase classname="backend.tests.test_api.TestLoyaltyJoin" name="test_join_loyalty_same_phone_returns_already_member" time="0.204" /><testcase classname="backend.tests.test_api.TestLoyaltyJoin" name="test_join_loyalty_missing_name" time="0.083" /><testcase classname="backend.tests.test_api.TestLoyaltyJoin" name="test_join_loyalty_missing_phone" time="0.075" /><testcase classname="backend.tests.test_api.TestLoyaltyLookup" name="test_lookup_existing_member" time="0.190" /><testcase classname="backend.tests.test_api.TestLoyaltyLookup" name="test_lookup_non_existing_member" time="0.070" /><testcase classname="backend.tests.test_api.TestLoyaltyMembers" name="test_get_members_requires_auth" time="0.074" /><testcase classname="backend.tests.test_api.TestLoyaltyMembers" name="test_get_members_with_auth" time="0.180" /><testcase classname="backend.tests.test_api.TestLoyaltyStamp" name="test_stamp_increments_visit_count" time="0.333" /><testcase classname="backend.tests.test_api.TestLoyaltyStamp" name="test_stamp_at_10_visits_sets_reward_earned" time="1.139" /><testcase classname="backend.tests.test_api.TestLoyaltyStamp" name="test_stamp_requires_auth" time="0.080" /><testcase classname="backend.tests.test_api.TestLoyaltyStamp" name="test_stamp_not_found" time="0.184" /><testcase classname="backend.tests.test_api.TestLoyaltyClaim" name="test_claim_resets_visits_and_marks_claimed" time="1.321" /><testcase classname="backend.tests.test_api.TestLoyaltyClaim" name="test_claim_without_reward_earned_returns_400" time="0.344" /><testcase classname="backend.tests.test_api.TestLoyaltyClaim" name="test_claim_requires_auth" time="0.087" /><testcase classname="backend.tests.test_api.TestMessagingSend" name="test_send_message_stores_blast_record" time="0.178" /><testcase classname="backend.tests.test_api.TestMessagingSend" name="test_send_message_sms_channel" time="0.166" /><testcase classname="backend.tests.test_api.TestMessagingSend" name="test_send_message_both_channels" time="0.180" /><testcase classname="backend.tests.test_api.TestMessagingSend" name="test_send_message_requires_auth" time="0.078" /><testcase classname="backend.tests.test_api.TestMessagingHistory" name="test_get_history_requires_auth" time="0.093" /><testcase classname="backend.tests.test_api.TestMessagingHistory" name="test_get_history_with_auth" time="0.192" /><testcase classname="backend.tests.test_cleanup_p0_p1.TestRemovedStatusEndpoints" name="test_get_status_returns_404" time="0.106" /><testcase classname="backend.tests.test_cleanup_p0_p1.TestRemovedStatusEndpoints" name="test_post_status_returns_404" time="0.087" /><testcase classname="backend.tests.test_cleanup_p0_p1.TestAdminPasswordFromEnv" name="test_login_with_env_password_succeeds" time="0.096" /><testcase classname="backend.tests.test_cleanup_p0_p1.TestAdminPasswordFromEnv" name="test_login_with_old_default_password_fails" time="0.345" /><testcase classname="backend.tests.test_cleanup_p0_p1.TestLogout" name="test_logout_invalidates_token" time="0.366" /><testcase classname="backend.tests.test_cleanup_p0_p1.TestSessionPersistence" name="test_token_survives_backend_restart" time="4.597" /><testcase classname="backend.tests.test_cleanup_p0_p1.TestProtectedEndpointsRequireAuth" name="test_no_token_blocked[GET-/api/analytics]" time="0.130" /><testcase classname="backend.tests.test_cleanup_p0_p1.TestProtectedEndpointsRequireAuth" name="test_no_token_blocked[POST-/api/specials]" time="0.092" /><testcase classname="backend.tests.test_cleanup_p0_p1.TestProtectedEndpointsRequireAuth" name="test_no_token_blocked[PUT-/api/specials/dummy-id]" time="0.076" /><testcase classname="backend.tests.test_cleanup_p0_p1.TestProtectedEndpointsRequireAuth" name="test_no_token_blocked[DELETE-/api/specials/dummy-id]" time="0.078" /><testcase classname="backend.tests.test_cleanup_p0_p1.TestProtectedEndpointsRequireAuth" name="test_no_token_blocked[PUT-/api/content/hero]" time="0.079" /><testcase classname="backend.tests.test_cleanup_p0_p1.TestProtectedEndpointsRequireAuth" name="test_no_token_blocked[PUT-/api/menu/categories/dummy]" time="0.105" /><testcase classname="backend.tests.test_cleanup_p0_p1.TestProtectedEndpointsRequireAuth" name="test_no_token_blocked[GET-/api/catering/inquiries]" time="0.075" /><testcase classname="backend.tests.test_cleanup_p0_p1.TestProtectedEndpointsRequireAuth" name="test_no_token_blocked[PUT-/api/catering/inquiries/dummy/status]" time="0.089" /><testcase classname="backend.tests.test_cleanup_p0_p1.TestProtectedEndpointsRequireAuth" name="test_no_token_blocked[GET-/api/newsletter/subscribers]" time="0.091" /><testcase classname="backend.tests.test_cleanup_p0_p1.TestProtectedEndpointsRequireAuth" name="test_no_token_blocked[PUT-/api/giveaway/settings]" time="0.090" /><testcase classname="backend.tests.test_cleanup_p0_p1.TestProtectedEndpointsRequireAuth" name="test_no_token_blocked[GET-/api/giveaway/entries]" time="0.090" /><testcase classname="backend.tests.test_cleanup_p0_p1.TestProtectedEndpointsRequireAuth" name="test_no_token_blocked[PUT-/api/giveaway/entries/dummy/claim]" time="0.068" /><testcase classname="backend.tests.test_cleanup_p0_p1.TestProtectedEndpointsRequireAuth" name="test_no_token_blocked[GET-/api/loyalty/members]" time="0.093" /><testcase classname="backend.tests.test_cleanup_p0_p1.TestProtectedEndpointsRequireAuth" name="test_no_token_blocked[PUT-/api/loyalty/members/dummy/stamp]" time="0.085" /><testcase classname="backend.tests.test_cleanup_p0_p1.TestProtectedEndpointsRequireAuth" name="test_no_token_blocked[PUT-/api/loyalty/members/dummy/claim]" time="0.092" /><testcase classname="backend.tests.test_cleanup_p0_p1.TestProtectedEndpointsRequireAuth" name="test_no_token_blocked[POST-/api/messages/send]" time="0.086" /><testcase classname="backend.tests.test_cleanup_p0_p1.TestProtectedEndpointsRequireAuth" name="test_no_token_blocked[GET-/api/messages/history]" time="0.095" /><testcase classname="backend.tests.test_cleanup_p0_p1.TestProtectedEndpointsRequireAuth" name="test_no_token_blocked[POST-/api/auth/logout]" time="0.094" /><testcase classname="backend.tests.test_cleanup_p0_p1.TestProtectedEndpointsRequireAuth" name="test_no_token_blocked[GET-/api/auth/verify]" time="0.087" /><testcase classname="backend.tests.test_cleanup_p0_p1.TestProtectedEndpointsRequireAuth" name="test_invalid_token_blocked[GET-/api/analytics]" time="0.098" /><testcase classname="backend.tests.test_cleanup_p0_p1.TestProtectedEndpointsRequireAuth" name="test_invalid_token_blocked[POST-/api/specials]" time="0.077" /><testcase classname="backend.tests.test_cleanup_p0_p1.TestProtectedEndpointsRequireAuth" name="test_invalid_token_blocked[PUT-/api/specials/dummy-id]" time="0.103" /><testcase classname="backend.tests.test_cleanup_p0_p1.TestProtectedEndpointsRequireAuth" name="test_invalid_token_blocked[DELETE-/api/specials/dummy-id]" time="0.082" /><testcase classname="backend.tests.test_cleanup_p0_p1.TestProtectedEndpointsRequireAuth" name="test_invalid_token_blocked[PUT-/api/content/hero]" time="0.092" /><testcase classname="backend.tests.test_cleanup_p0_p1.TestProtectedEndpointsRequireAuth" name="test_invalid_token_blocked[PUT-/api/menu/categories/dummy]" time="0.096" /><testcase classname="backend.tests.test_cleanup_p0_p1.TestProtectedEndpointsRequireAuth" name="test_invalid_token_blocked[GET-/api/catering/inquiries]" time="0.076" /><testcase classname="backend.tests.test_cleanup_p0_p1.TestProtectedEndpointsRequireAuth" name="test_invalid_token_blocked[PUT-/api/catering/inquiries/dummy/status]" time="0.078" /><testcase classname="backend.tests.test_cleanup_p0_p1.TestProtectedEndpointsRequireAuth" name="test_invalid_token_blocked[GET-/api/newsletter/subscribers]" time="0.072" /><testcase classname="backend.tests.test_cleanup_p0_p1.TestProtectedEndpointsRequireAuth" name="test_invalid_token_blocked[PUT-/api/giveaway/settings]" time="0.075" /><testcase classname="backend.tests.test_cleanup_p0_p1.TestProtectedEndpointsRequireAuth" name="test_invalid_token_blocked[GET-/api/giveaway/entries]" time="0.082" /><testcase classname="backend.tests.test_cleanup_p0_p1.TestProtectedEndpointsRequireAuth" name="test_invalid_token_blocked[PUT-/api/giveaway/entries/dummy/claim]" time="0.087" /><testcase classname="backend.tests.test_cleanup_p0_p1.TestProtectedEndpointsRequireAuth" name="test_invalid_token_blocked[GET-/api/loyalty/members]" time="0.086" /><testcase classname="backend.tests.test_cleanup_p0_p1.TestProtectedEndpointsRequireAuth" name="test_invalid_token_blocked[PUT-/api/loyalty/members/dummy/stamp]" time="0.092" /><testcase classname="backend.tests.test_cleanup_p0_p1.TestProtectedEndpointsRequireAuth" name="test_invalid_token_blocked[PUT-/api/loyalty/members/dummy/claim]" time="0.097" /><testcase classname="backend.tests.test_cleanup_p0_p1.TestProtectedEndpointsRequireAuth" name="test_invalid_token_blocked[POST-/api/messages/send]" time="0.085" /><testcase classname="backend.tests.test_cleanup_p0_p1.TestProtectedEndpointsRequireAuth" name="test_invalid_token_blocked[GET-/api/messages/history]" time="0.096" /><testcase classname="backend.tests.test_cleanup_p0_p1.TestProtectedEndpointsRequireAuth" name="test_invalid_token_blocked[POST-/api/auth/logout]" time="0.099" /><testcase classname="backend.tests.test_cleanup_p0_p1.TestProtectedEndpointsRequireAuth" name="test_invalid_token_blocked[GET-/api/auth/verify]" time="0.087" /></testsuite></testsuites>