<?xml version="1.0" encoding="utf-8"?><testsuites name="pytest tests"><testsuite name="pytest" errors="0" failures="0" skipped="0" tests="13" time="2.095" timestamp="2026-06-28T01:38:46.880633+00:00" hostname="agent-env-a9f070f3-1790-46b6-b046-1ac72256b931"><testcase classname="tests.test_sprint22c_layout.TestGetLayout" name="test_get_layout_public_no_auth" time="0.551" /><testcase classname="tests.test_sprint22c_layout.TestGetLayout" name="test_get_layout_section_shape" time="0.191" /><testcase classname="tests.test_sprint22c_layout.TestPutAuth" name="test_put_layout_requires_auth" time="0.069" /><testcase classname="tests.test_sprint22c_layout.TestPutLayoutPersistence" name="test_put_reorder_persists" time="0.139" /><testcase classname="tests.test_sprint22c_layout.TestPutLayoutPersistence" name="test_put_title_body_overrides_persist" time="0.143" /><testcase classname="tests.test_sprint22c_layout.TestPutLayoutPersistence" name="test_put_visibility_persists" time="0.149" /><testcase classname="tests.test_sprint22c_layout.TestPutValidation" name="test_put_rejects_duplicate_keys" time="0.100" /><testcase classname="tests.test_sprint22c_layout.TestPutValidation" name="test_put_rejects_unknown_keys" time="0.065" /><testcase classname="tests.test_sprint22c_layout.TestPutValidation" name="test_put_missing_sections_auto_appended" time="0.080" /><testcase classname="tests.test_sprint22c_layout.TestReset" name="test_reset_requires_auth" time="0.087" /><testcase classname="tests.test_sprint22c_layout.TestReset" name="test_reset_restores_canonical" time="0.238" /><testcase classname="tests.test_sprint22c_layout.TestRegression" name="test_content_endpoint_still_works" time="0.070" /><testcase classname="tests.test_sprint22c_layout.TestRegression" name="test_menu_endpoint_still_works" time="0.143" /></testsuite></testsuites>