<?xml version="1.0" encoding="utf-8"?><testsuites name="pytest tests"><testsuite name="pytest" errors="0" failures="0" skipped="0" tests="18" time="32.809" timestamp="2026-06-09T02:13:43.479767+00:00" hostname="agent-env-efaf7797-c558-4d8b-87d9-5fb5131b19fc"><testcase classname="backend.tests.test_ai_ads_phase345.TestPhase3Plugins" name="test_list_plugins" time="0.370" /><testcase classname="backend.tests.test_ai_ads_phase345.TestPhase3Plugins" name="test_get_restaurant_plugin" time="0.032" /><testcase classname="backend.tests.test_ai_ads_phase345.TestPhase3Plugins" name="test_get_unknown_plugin" time="0.031" /><testcase classname="backend.tests.test_ai_ads_phase345.TestPhase3Plugins" name="test_plugin_promote_single_action" time="30.196" /><testcase classname="backend.tests.test_ai_ads_phase345.TestPhase3Plugins" name="test_plugin_promote_invalid_actions" time="0.146" /><testcase classname="backend.tests.test_ai_ads_phase345.TestPhase4Bulk" name="test_bulk_favorite" time="0.725" /><testcase classname="backend.tests.test_ai_ads_phase345.TestPhase4Bulk" name="test_bulk_archive" time="0.103" /><testcase classname="backend.tests.test_ai_ads_phase345.TestPhase4Bulk" name="test_export_txt" time="0.070" /><testcase classname="backend.tests.test_ai_ads_phase345.TestPhase4Bulk" name="test_export_csv" time="0.081" /><testcase classname="backend.tests.test_ai_ads_phase345.TestPhase4Bulk" name="test_export_json" time="0.036" /><testcase classname="backend.tests.test_ai_ads_phase345.TestPhase4Bulk" name="test_export_bad_format" time="0.071" /><testcase classname="backend.tests.test_ai_ads_phase345.TestPhase4Bulk" name="test_export_empty_ids" time="0.071" /><testcase classname="backend.tests.test_ai_ads_phase345.TestPhase4Bulk" name="test_status_scheduled_allowed" time="0.102" /><testcase classname="backend.tests.test_ai_ads_phase345.TestPhase4Bulk" name="test_date_filters" time="0.100" /><testcase classname="backend.tests.test_ai_ads_phase345.TestPhase4Bulk" name="test_bulk_delete" time="0.251" /><testcase classname="backend.tests.test_ai_ads_phase345.TestPhase5Analytics" name="test_analytics_shape" time="0.036" /><testcase classname="backend.tests.test_ai_ads_phase345.TestRegression" name="test_menu_public" time="0.037" /><testcase classname="backend.tests.test_ai_ads_phase345.TestRegression" name="test_login_still_works" time="0.293" /></testsuite></testsuites>