<?xml version="1.0" encoding="utf-8"?><testsuites name="pytest tests"><testsuite name="pytest" errors="0" failures="0" skipped="0" tests="6" time="1.474" timestamp="2026-06-09T06:07:38.109246+00:00" hostname="agent-env-efaf7797-c558-4d8b-87d9-5fb5131b19fc"><testcase classname="backend.tests.test_phase8_media_studio.TestEdit" name="test_edit_brightness_contrast_text" time="0.655" /><testcase classname="backend.tests.test_phase8_media_studio.TestEdit" name="test_edit_crop_rotate_flip_changes_dims" time="0.051" /><testcase classname="backend.tests.test_phase8_media_studio.TestSocialExport" name="test_social_formats_list" time="0.048" /><testcase classname="backend.tests.test_phase8_media_studio.TestSocialExport" name="test_export_six_formats_cover" time="0.493" /><testcase classname="backend.tests.test_phase8_media_studio.TestSocialExport" name="test_export_contain_with_bg_color" time="0.073" /><testcase classname="backend.tests.test_phase8_media_studio.TestStats" name="test_stats_contains_required_keys" time="0.045" /></testsuite></testsuites>