<?xml version="1.0" encoding="utf-8"?><testsuites name="pytest tests"><testsuite name="pytest" errors="0" failures="0" skipped="0" tests="22" time="1.249" timestamp="2026-08-07T15:32:06.893839+00:00" hostname="agent-env-a9f070f3-1790-46b6-b046-1ac72256b931"><testcase classname="tests.test_todays_pick_graphics_snapshot" name="test_compose_snapshot_matches_prerefactor[centered-Gulf Shrimp Basket-18.00-99-418d08b1277dd663]" time="0.070" /><testcase classname="tests.test_todays_pick_graphics_snapshot" name="test_compose_snapshot_matches_prerefactor[centered-Chef Special-None-1-7719872fc2834203]" time="0.048" /><testcase classname="tests.test_todays_pick_graphics_snapshot" name="test_compose_snapshot_matches_prerefactor[centered-Signature Burger-14.50-7-56a4f9bcb94e135d]" time="0.050" /><testcase classname="tests.test_todays_pick_graphics_snapshot" name="test_compose_snapshot_matches_prerefactor[centered-Test Dish-12.99-42-9faaa62e7cdc5cb4]" time="0.049" /><testcase classname="tests.test_todays_pick_graphics_snapshot" name="test_compose_snapshot_matches_prerefactor[asym_left-Gulf Shrimp Basket-18.00-99-e301a10094046c9c]" time="0.050" /><testcase classname="tests.test_todays_pick_graphics_snapshot" name="test_compose_snapshot_matches_prerefactor[asym_left-Chef Special-None-1-750c2d4ccafb190a]" time="0.048" /><testcase classname="tests.test_todays_pick_graphics_snapshot" name="test_compose_snapshot_matches_prerefactor[asym_left-Signature Burger-14.50-7-ca5cd5ff48332a9f]" time="0.050" /><testcase classname="tests.test_todays_pick_graphics_snapshot" name="test_compose_snapshot_matches_prerefactor[asym_left-Test Dish-12.99-42-19fb12842e92abe5]" time="0.049" /><testcase classname="tests.test_todays_pick_graphics_snapshot" name="test_compose_snapshot_matches_prerefactor[stacked-Gulf Shrimp Basket-18.00-99-218f75ff59001fbd]" time="0.048" /><testcase classname="tests.test_todays_pick_graphics_snapshot" name="test_compose_snapshot_matches_prerefactor[stacked-Chef Special-None-1-a2eee3ef72030c19]" time="0.047" /><testcase classname="tests.test_todays_pick_graphics_snapshot" name="test_compose_snapshot_matches_prerefactor[stacked-Signature Burger-14.50-7-82604cc7c9a46abd]" time="0.048" /><testcase classname="tests.test_todays_pick_graphics_snapshot" name="test_compose_snapshot_matches_prerefactor[stacked-Test Dish-12.99-42-b2a778126047d539]" time="0.047" /><testcase classname="tests.test_todays_pick_graphics_snapshot" name="test_compose_returns_bytes[centered]" time="0.047" /><testcase classname="tests.test_todays_pick_graphics_snapshot" name="test_compose_returns_bytes[asym_left]" time="0.047" /><testcase classname="tests.test_todays_pick_graphics_snapshot" name="test_compose_returns_bytes[stacked]" time="0.047" /><testcase classname="tests.test_todays_pick_graphics_snapshot" name="test_compose_dimensions[centered]" time="0.048" /><testcase classname="tests.test_todays_pick_graphics_snapshot" name="test_compose_dimensions[asym_left]" time="0.048" /><testcase classname="tests.test_todays_pick_graphics_snapshot" name="test_compose_dimensions[stacked]" time="0.048" /><testcase classname="tests.test_todays_pick_graphics_snapshot" name="test_compose_deterministic_with_seed[centered]" time="0.096" /><testcase classname="tests.test_todays_pick_graphics_snapshot" name="test_compose_deterministic_with_seed[asym_left]" time="0.096" /><testcase classname="tests.test_todays_pick_graphics_snapshot" name="test_compose_deterministic_with_seed[stacked]" time="0.096" /><testcase classname="tests.test_todays_pick_graphics_snapshot" name="test_compose_no_price" time="0.047" /></testsuite></testsuites>