<?xml version="1.0" encoding="utf-8"?><testsuites name="pytest tests"><testsuite name="pytest" errors="0" failures="0" skipped="0" tests="9" time="1.721" timestamp="2026-08-07T15:30:15.914818+00:00" hostname="agent-env-a9f070f3-1790-46b6-b046-1ac72256b931"><testcase classname="tests.test_v1_release_blockers" name="test_anonymous_rejected[POST-/workspace/backfill-payload0]" time="0.357" /><testcase classname="tests.test_v1_release_blockers" name="test_anonymous_rejected[POST-/workspace/projects/does-not-exist/hero-payload1]" time="0.215" /><testcase classname="tests.test_v1_release_blockers" name="test_anonymous_rejected[POST-/html-template/preview-payload2]" time="0.073" /><testcase classname="tests.test_v1_release_blockers" name="test_anonymous_rejected[POST-/html-template/bulk-render-payload3]" time="0.091" /><testcase classname="tests.test_v1_release_blockers" name="test_authenticated_reaches_handler[POST-/workspace/backfill-payload0]" time="0.451" /><testcase classname="tests.test_v1_release_blockers" name="test_authenticated_reaches_handler[POST-/workspace/projects/does-not-exist/hero-payload1]" time="0.097" /><testcase classname="tests.test_v1_release_blockers" name="test_authenticated_reaches_handler[POST-/html-template/preview-payload2]" time="0.094" /><testcase classname="tests.test_v1_release_blockers" name="test_authenticated_reaches_handler[POST-/html-template/bulk-render-payload3]" time="0.077" /><testcase classname="tests.test_v1_release_blockers" name="test_flyer_share_endpoints_removed" time="0.213" /></testsuite></testsuites>